21-08-2020 14:41:27.376 [Gauge] [INFO] Watching directory: C:\Users\TESTINIUM\IdeaProjects\BddGauge\specs
21-08-2020 14:41:27.376 [Gauge] [DEBUG] Found 3 files
21-08-2020 14:41:27.377 [Gauge] [INFO] Initializing concepts cache with 2 concepts
21-08-2020 14:41:27.377 [Gauge] [DEBUG] Adding concepts from C:\Users\TESTINIUM\IdeaProjects\BddGauge\specs\Basket.cpt
21-08-2020 14:41:27.377 [Gauge] [DEBUG] Adding concepts from C:\Users\TESTINIUM\IdeaProjects\BddGauge\specs\Login.cpt
21-08-2020 14:41:27.378 [Gauge] [INFO] Initializing specs cache with 1 specs
21-08-2020 14:41:27.378 [Gauge] [DEBUG] Adding specs from C:\Users\TESTINIUM\IdeaProjects\BddGauge\specs\HepsiBuradaSenaryo.spec
21-08-2020 14:41:27.378 [Gauge] [INFO] Initializing steps cache with 3 steps
21-08-2020 14:41:27.378 [Gauge] [INFO] Gauge daemon initialized and listening on port: 59700
21-08-2020 14:41:28.840 [Gauge] [DEBUG] Api Request Received: messageType:GetStepValueRequest messageId:4 stepValueRequest:<stepText:"Login \304\260\305\237lemi" > 
21-08-2020 14:41:28.841 [Gauge] [DEBUG] Sending API response: messageType:GetStepValueResponse messageId:4 stepValueResponse:<stepValue:<stepValue:"Login \304\260\305\237lemi" parameterizedStepValue:"Login \304\260\305\237lemi" > > 
21-08-2020 14:41:28.844 [Gauge] [DEBUG] Api Request Received: messageType:GetStepValueRequest messageId:4 stepValueRequest:<stepText:"<key> li elementin \303\274zerine gel" > 
21-08-2020 14:41:28.844 [Gauge] [DEBUG] Sending API response: messageType:GetStepValueResponse messageId:4 stepValueResponse:<stepValue:<stepValue:"{} li elementin \303\274zerine gel" parameterizedStepValue:"<key> li elementin \303\274zerine gel" parameters:"key" > > 
21-08-2020 14:41:28.844 [Gauge] [DEBUG] Api Request Received: messageType:GetStepValueRequest messageId:4 stepValueRequest:<stepText:"<key> li elemente t\304\261kla" > 
21-08-2020 14:41:28.844 [Gauge] [DEBUG] Sending API response: messageType:GetStepValueResponse messageId:4 stepValueResponse:<stepValue:<stepValue:"{} li elemente t\304\261kla" parameterizedStepValue:"<key> li elemente t\304\261kla" parameters:"key" > > 
21-08-2020 14:41:28.844 [Gauge] [DEBUG] Api Request Received: messageType:GetStepValueRequest messageId:4 stepValueRequest:<stepText:"<key> li elemente <text> de\304\237erini yaz" > 
21-08-2020 14:41:28.844 [Gauge] [DEBUG] Sending API response: messageType:GetStepValueResponse messageId:4 stepValueResponse:<stepValue:<stepValue:"{} li elemente {} de\304\237erini yaz" parameterizedStepValue:"<key> li elemente <text> de\304\237erini yaz" parameters:"key" parameters:"text" > > 
21-08-2020 14:41:28.845 [Gauge] [DEBUG] Api Request Received: messageType:GetStepValueRequest messageId:4 stepValueRequest:<stepText:"<second> saniye bekle" > 
21-08-2020 14:41:28.845 [Gauge] [DEBUG] Sending API response: messageType:GetStepValueResponse messageId:4 stepValueResponse:<stepValue:<stepValue:"{} saniye bekle" parameterizedStepValue:"<second> saniye bekle" parameters:"second" > > 
21-08-2020 14:41:28.845 [Gauge] [DEBUG] Api Request Received: messageType:GetStepValueRequest messageId:4 stepValueRequest:<stepText:"<key> li elementin de\304\237eri <text> de\304\237eri ile uyu\305\237uyor mu kontrol et" > 
21-08-2020 14:41:28.845 [Gauge] [DEBUG] Sending API response: messageType:GetStepValueResponse messageId:4 stepValueResponse:<stepValue:<stepValue:"{} li elementin de\304\237eri {} de\304\237eri ile uyu\305\237uyor mu kontrol et" parameterizedStepValue:"<key> li elementin de\304\237eri <text> de\304\237eri ile uyu\305\237uyor mu kontrol et" parameters:"key" parameters:"text" > > 
21-08-2020 14:41:28.920 [Gauge] [DEBUG] Api Request Received: messageType:GetStepValueRequest messageId:4 stepValueRequest:<stepText:" Login \304\260\305\237lemi" > 
21-08-2020 14:41:28.920 [Gauge] [DEBUG] Sending API response: messageType:GetStepValueResponse messageId:4 stepValueResponse:<stepValue:<stepValue:"Login \304\260\305\237lemi" parameterizedStepValue:"Login \304\260\305\237lemi" > > 
21-08-2020 14:41:28.920 [Gauge] [DEBUG] Api Request Received: messageType:GetStepValueRequest messageId:4 stepValueRequest:<stepText:"Sepet kontrol i\305\237lemi" > 
21-08-2020 14:41:28.920 [Gauge] [DEBUG] Sending API response: messageType:GetStepValueResponse messageId:4 stepValueResponse:<stepValue:<stepValue:"Sepet kontrol i\305\237lemi" parameterizedStepValue:"Sepet kontrol i\305\237lemi" > > 
21-08-2020 14:41:28.958 [Gauge] [DEBUG] Api Request Received: messageType:GetStepValueRequest messageId:4 stepValueRequest:<stepText:" Sepet kontrol i\305\237lemi" > 
21-08-2020 14:41:28.960 [Gauge] [DEBUG] Sending API response: messageType:GetStepValueResponse messageId:4 stepValueResponse:<stepValue:<stepValue:"Sepet kontrol i\305\237lemi" parameterizedStepValue:"Sepet kontrol i\305\237lemi" > > 
21-08-2020 14:41:30.445 [Gauge] [DEBUG] Api Request Received: messageType:GetStepValueRequest messageId:4 stepValueRequest:<stepText:"\"a[class='OldMyAccount-WTOLC OldMyAccount-1kR4k']\" li elemente t\304\261kla" > 
21-08-2020 14:41:30.449 [Gauge] [DEBUG] Sending API response: messageType:GetStepValueResponse messageId:4 stepValueResponse:<stepValue:<stepValue:"{} li elemente t\304\261kla" parameterizedStepValue:"<a[class='OldMyAccount-WTOLC OldMyAccount-1kR4k']> li elemente t\304\261kla" parameters:"a[class='OldMyAccount-WTOLC OldMyAccount-1kR4k']" > > 
21-08-2020 14:41:30.455 [Gauge] [DEBUG] Api Request Received: messageType:GetStepValueRequest messageId:4 stepValueRequest:<stepText:"\"h1[class='h1']\" li elementin de\304\237eri \"Testinium, sepetin \305\237u an bo\305\237.\" de\304\237eri ile uyu\305\237uyor mu kontrol et" > 
21-08-2020 14:41:30.456 [Gauge] [DEBUG] Sending API response: messageType:GetStepValueResponse messageId:4 stepValueResponse:<stepValue:<stepValue:"{} li elementin de\304\237eri {} de\304\237eri ile uyu\305\237uyor mu kontrol et" parameterizedStepValue:"<h1[class='h1']> li elementin de\304\237eri <Testinium, sepetin \305\237u an bo\305\237.> de\304\237eri ile uyu\305\237uyor mu kontrol et" parameters:"h1[class='h1']" parameters:"Testinium, sepetin \305\237u an bo\305\237." > > 
21-08-2020 14:41:30.456 [Gauge] [DEBUG] Api Request Received: messageType:GetStepValueRequest messageId:4 stepValueRequest:<stepText:"\"a[class='logo-hepsiburada']\" li elemente t\304\261kla" > 
21-08-2020 14:41:30.456 [Gauge] [DEBUG] Sending API response: messageType:GetStepValueResponse messageId:4 stepValueResponse:<stepValue:<stepValue:"{} li elemente t\304\261kla" parameterizedStepValue:"<a[class='logo-hepsiburada']> li elemente t\304\261kla" parameters:"a[class='logo-hepsiburada']" > > 
21-08-2020 14:41:58.686 [Gauge] [DEBUG] Api Request Received: messageType:GetStepValueRequest messageId:4 stepValueRequest:<stepText:"* \"span[class='OldMyAccount-2BwAt'] \" li elementin \303\274zerine gel" > 
21-08-2020 14:41:58.687 [Gauge] [DEBUG] Sending API response: messageType:GetStepValueResponse messageId:4 stepValueResponse:<stepValue:<stepValue:"* {} li elementin \303\274zerine gel" parameterizedStepValue:"* <span[class='OldMyAccount-2BwAt'] > li elementin \303\274zerine gel" parameters:"span[class='OldMyAccount-2BwAt'] " > > 
21-08-2020 14:41:58.687 [Gauge] [DEBUG] Api Request Received: messageType:GetStepValueRequest messageId:4 stepValueRequest:<stepText:"* \"a[id='login']\" li elemente t\304\261kla" > 
21-08-2020 14:41:58.687 [Gauge] [DEBUG] Sending API response: messageType:GetStepValueResponse messageId:4 stepValueResponse:<stepValue:<stepValue:"* {} li elemente t\304\261kla" parameterizedStepValue:"* <a[id='login']> li elemente t\304\261kla" parameters:"a[id='login']" > > 
21-08-2020 14:41:58.687 [Gauge] [DEBUG] Api Request Received: messageType:GetStepValueRequest messageId:4 stepValueRequest:<stepText:"* \"span[class='OldMyAccount-2BwAt']\" li elementin de\304\237eri \"Hesab\304\261m\" de\304\237eri ile uyu\305\237uyor mu kontrol et" > 
21-08-2020 14:41:58.687 [Gauge] [DEBUG] Sending API response: messageType:GetStepValueResponse messageId:4 stepValueResponse:<stepValue:<stepValue:"* {} li elementin de\304\237eri {} de\304\237eri ile uyu\305\237uyor mu kontrol et" parameterizedStepValue:"* <span[class='OldMyAccount-2BwAt']> li elementin de\304\237eri <Hesab\304\261m> de\304\237eri ile uyu\305\237uyor mu kontrol et" parameters:"span[class='OldMyAccount-2BwAt']" parameters:"Hesab\304\261m" > > 
21-08-2020 14:41:58.687 [Gauge] [DEBUG] Api Request Received: messageType:GetStepValueRequest messageId:4 stepValueRequest:<stepText:"* \"input[id='txtUserName']\" li elemente \"testiniumdeneme123@gmail.com\" de\304\237erini yaz" > 
21-08-2020 14:41:58.687 [Gauge] [DEBUG] Sending API response: messageType:GetStepValueResponse messageId:4 stepValueResponse:<stepValue:<stepValue:"* {} li elemente {} de\304\237erini yaz" parameterizedStepValue:"* <input[id='txtUserName']> li elemente <testiniumdeneme123@gmail.com> de\304\237erini yaz" parameters:"input[id='txtUserName']" parameters:"testiniumdeneme123@gmail.com" > > 
21-08-2020 14:41:58.688 [Gauge] [DEBUG] Api Request Received: messageType:GetStepValueRequest messageId:4 stepValueRequest:<stepText:"* \"input[id='txtPassword']\" li elemente \"1q2w3easD123\" de\304\237erini yaz" > 
21-08-2020 14:41:58.688 [Gauge] [DEBUG] Sending API response: messageType:GetStepValueResponse messageId:4 stepValueResponse:<stepValue:<stepValue:"* {} li elemente {} de\304\237erini yaz" parameterizedStepValue:"* <input[id='txtPassword']> li elemente <1q2w3easD123> de\304\237erini yaz" parameters:"input[id='txtPassword']" parameters:"1q2w3easD123" > > 
21-08-2020 14:41:58.688 [Gauge] [DEBUG] Api Request Received: messageType:GetStepValueRequest messageId:4 stepValueRequest:<stepText:"* \"5\" saniye bekle" > 
21-08-2020 14:41:58.688 [Gauge] [DEBUG] Sending API response: messageType:GetStepValueResponse messageId:4 stepValueResponse:<stepValue:<stepValue:"* {} saniye bekle" parameterizedStepValue:"* <5> saniye bekle" parameters:"5" > > 
21-08-2020 14:41:58.688 [Gauge] [DEBUG] Api Request Received: messageType:GetStepValueRequest messageId:4 stepValueRequest:<stepText:"* \"button[id='btnLogin']\" li elemente t\304\261kla" > 
21-08-2020 14:41:58.688 [Gauge] [DEBUG] Sending API response: messageType:GetStepValueResponse messageId:4 stepValueResponse:<stepValue:<stepValue:"* {} li elemente t\304\261kla" parameterizedStepValue:"* <button[id='btnLogin']> li elemente t\304\261kla" parameters:"button[id='btnLogin']" > > 
21-08-2020 14:41:58.689 [Gauge] [DEBUG] Api Request Received: messageType:GetStepValueRequest messageId:4 stepValueRequest:<stepText:"* \"a[class='logo-hepsiburada']\" li elemente t\304\261kla" > 
21-08-2020 14:41:58.689 [Gauge] [DEBUG] Sending API response: messageType:GetStepValueResponse messageId:4 stepValueResponse:<stepValue:<stepValue:"* {} li elemente t\304\261kla" parameterizedStepValue:"* <a[class='logo-hepsiburada']> li elemente t\304\261kla" parameters:"a[class='logo-hepsiburada']" > > 
21-08-2020 14:41:58.689 [Gauge] [DEBUG] Api Request Received: messageType:GetStepValueRequest messageId:4 stepValueRequest:<stepText:"* \"h1[class='h1']\" li elementin de\304\237eri \"Testinium, sepetin \305\237u an bo\305\237.\" de\304\237eri ile uyu\305\237uyor mu kontrol et" > 
21-08-2020 14:41:58.689 [Gauge] [DEBUG] Sending API response: messageType:GetStepValueResponse messageId:4 stepValueResponse:<stepValue:<stepValue:"* {} li elementin de\304\237eri {} de\304\237eri ile uyu\305\237uyor mu kontrol et" parameterizedStepValue:"* <h1[class='h1']> li elementin de\304\237eri <Testinium, sepetin \305\237u an bo\305\237.> de\304\237eri ile uyu\305\237uyor mu kontrol et" parameters:"h1[class='h1']" parameters:"Testinium, sepetin \305\237u an bo\305\237." > > 
21-08-2020 14:41:58.689 [Gauge] [DEBUG] Api Request Received: messageType:GetStepValueRequest messageId:4 stepValueRequest:<stepText:"* \"a[class='OldMyAccount-WTOLC OldMyAccount-1kR4k']\" li elemente t\304\261kla" > 
21-08-2020 14:41:58.689 [Gauge] [DEBUG] Sending API response: messageType:GetStepValueResponse messageId:4 stepValueResponse:<stepValue:<stepValue:"* {} li elemente t\304\261kla" parameterizedStepValue:"* <a[class='OldMyAccount-WTOLC OldMyAccount-1kR4k']> li elemente t\304\261kla" parameters:"a[class='OldMyAccount-WTOLC OldMyAccount-1kR4k']" > > 
21-08-2020 14:42:05.232 [Gauge] [DEBUG] Api Request Received: messageType:GetStepValueRequest messageId:4 stepValueRequest:<stepText:"\"span[class='OldMyAccount-2BwAt'] \" li elementin \303\274zerine gel" > 
21-08-2020 14:42:05.232 [Gauge] [DEBUG] Sending API response: messageType:GetStepValueResponse messageId:4 stepValueResponse:<stepValue:<stepValue:"{} li elementin \303\274zerine gel" parameterizedStepValue:"<span[class='OldMyAccount-2BwAt'] > li elementin \303\274zerine gel" parameters:"span[class='OldMyAccount-2BwAt'] " > > 
21-08-2020 14:42:05.234 [Gauge] [DEBUG] Api Request Received: messageType:GetStepValueRequest messageId:4 stepValueRequest:<stepText:"\"a[id='login']\" li elemente t\304\261kla" > 
21-08-2020 14:42:05.236 [Gauge] [DEBUG] Sending API response: messageType:GetStepValueResponse messageId:4 stepValueResponse:<stepValue:<stepValue:"{} li elemente t\304\261kla" parameterizedStepValue:"<a[id='login']> li elemente t\304\261kla" parameters:"a[id='login']" > > 
21-08-2020 14:42:05.255 [Gauge] [DEBUG] Api Request Received: messageType:GetStepValueRequest messageId:4 stepValueRequest:<stepText:"\"input[id='txtUserName']\" li elemente \"testiniumdeneme123@gmail.com\" de\304\237erini yaz" > 
21-08-2020 14:42:05.258 [Gauge] [DEBUG] Sending API response: messageType:GetStepValueResponse messageId:4 stepValueResponse:<stepValue:<stepValue:"{} li elemente {} de\304\237erini yaz" parameterizedStepValue:"<input[id='txtUserName']> li elemente <testiniumdeneme123@gmail.com> de\304\237erini yaz" parameters:"input[id='txtUserName']" parameters:"testiniumdeneme123@gmail.com" > > 
21-08-2020 14:42:05.260 [Gauge] [DEBUG] Api Request Received: messageType:GetStepValueRequest messageId:4 stepValueRequest:<stepText:"\"input[id='txtPassword']\" li elemente \"1q2w3easD123\" de\304\237erini yaz" > 
21-08-2020 14:42:05.262 [Gauge] [DEBUG] Sending API response: messageType:GetStepValueResponse messageId:4 stepValueResponse:<stepValue:<stepValue:"{} li elemente {} de\304\237erini yaz" parameterizedStepValue:"<input[id='txtPassword']> li elemente <1q2w3easD123> de\304\237erini yaz" parameters:"input[id='txtPassword']" parameters:"1q2w3easD123" > > 
21-08-2020 14:42:05.265 [Gauge] [DEBUG] Api Request Received: messageType:GetStepValueRequest messageId:4 stepValueRequest:<stepText:"\"button[id='btnLogin']\" li elemente t\304\261kla" > 
21-08-2020 14:42:05.265 [Gauge] [DEBUG] Sending API response: messageType:GetStepValueResponse messageId:4 stepValueResponse:<stepValue:<stepValue:"{} li elemente t\304\261kla" parameterizedStepValue:"<button[id='btnLogin']> li elemente t\304\261kla" parameters:"button[id='btnLogin']" > > 
21-08-2020 14:42:05.268 [Gauge] [DEBUG] Api Request Received: messageType:GetStepValueRequest messageId:4 stepValueRequest:<stepText:"\"5\" saniye bekle" > 
21-08-2020 14:42:05.269 [Gauge] [DEBUG] Sending API response: messageType:GetStepValueResponse messageId:4 stepValueResponse:<stepValue:<stepValue:"{} saniye bekle" parameterizedStepValue:"<5> saniye bekle" parameters:"5" > > 
21-08-2020 14:42:05.270 [Gauge] [DEBUG] Api Request Received: messageType:GetStepValueRequest messageId:4 stepValueRequest:<stepText:"\"span[class='OldMyAccount-2BwAt']\" li elementin de\304\237eri \"Hesab\304\261m\" de\304\237eri ile uyu\305\237uyor mu kontrol et" > 
21-08-2020 14:42:05.273 [Gauge] [DEBUG] Sending API response: messageType:GetStepValueResponse messageId:4 stepValueResponse:<stepValue:<stepValue:"{} li elementin de\304\237eri {} de\304\237eri ile uyu\305\237uyor mu kontrol et" parameterizedStepValue:"<span[class='OldMyAccount-2BwAt']> li elementin de\304\237eri <Hesab\304\261m> de\304\237eri ile uyu\305\237uyor mu kontrol et" parameters:"span[class='OldMyAccount-2BwAt']" parameters:"Hesab\304\261m" > > 
21-08-2020 14:46:54.292 [Gauge] [INFO] Spec file added / modified: C:\Users\TESTINIUM\IdeaProjects\BddGauge\specs\HepsiBuradaSenaryo.spec
21-08-2020 14:46:54.306 [Gauge] [INFO] Spec file added / modified: C:\Users\TESTINIUM\IdeaProjects\BddGauge\specs\HepsiBuradaSenaryo.spec
21-08-2020 14:46:56.606 [Gauge] [INFO] Spec file added / modified: C:\Users\TESTINIUM\IdeaProjects\BddGauge\specs\HepsiBuradaSenaryo.spec
21-08-2020 14:46:56.628 [Gauge] [INFO] Spec file added / modified: C:\Users\TESTINIUM\IdeaProjects\BddGauge\specs\HepsiBuradaSenaryo.spec
21-08-2020 14:47:05.207 [Gauge] [INFO] Concept file added / modified: C:\Users\TESTINIUM\IdeaProjects\BddGauge\specs\Product.cpt
21-08-2020 14:47:05.223 [Gauge] [INFO] Concept file added / modified: C:\Users\TESTINIUM\IdeaProjects\BddGauge\specs\Product.cpt
21-08-2020 14:47:05.234 [Gauge] [INFO] Concept file added / modified: C:\Users\TESTINIUM\IdeaProjects\BddGauge\specs\Product.cpt
21-08-2020 14:47:05.604 [Gauge] [DEBUG] Api Request Received: messageType:GetStepValueRequest messageId:4 stepValueRequest:<stepText:"step1" > 
21-08-2020 14:47:05.604 [Gauge] [DEBUG] Sending API response: messageType:GetStepValueResponse messageId:4 stepValueResponse:<stepValue:<stepValue:"step1" parameterizedStepValue:"step1" > > 
21-08-2020 14:47:05.692 [Gauge] [DEBUG] Api Request Received: messageType:GetStepValueRequest messageId:4 stepValueRequest:<stepText:" Concept Heading" > 
21-08-2020 14:47:05.695 [Gauge] [DEBUG] Sending API response: messageType:GetStepValueResponse messageId:4 stepValueResponse:<stepValue:<stepValue:"Concept Heading" parameterizedStepValue:"Concept Heading" > > 
21-08-2020 14:47:05.696 [Gauge] [DEBUG] Api Request Received: messageType:GetStepValueRequest messageId:4 stepValueRequest:<stepText:"step2" > 
21-08-2020 14:47:05.696 [Gauge] [DEBUG] Sending API response: messageType:GetStepValueResponse messageId:4 stepValueResponse:<stepValue:<stepValue:"step2" parameterizedStepValue:"step2" > > 
21-08-2020 14:47:21.387 [Gauge] [DEBUG] Api Request Received: messageType:GetStepValueRequest messageId:4 stepValueRequest:<stepText:" \303\234r\303\274n \304\260\305\237lemleri" > 
21-08-2020 14:47:21.391 [Gauge] [DEBUG] Sending API response: messageType:GetStepValueResponse messageId:4 stepValueResponse:<stepValue:<stepValue:"\303\234r\303\274n \304\260\305\237lemleri" parameterizedStepValue:"\303\234r\303\274n \304\260\305\237lemleri" > > 
21-08-2020 14:47:26.656 [Gauge] [INFO] Concept file added / modified: C:\Users\TESTINIUM\IdeaProjects\BddGauge\specs\Product.cpt
21-08-2020 14:47:26.663 [Gauge] [ERROR] Parse failure: [[ParseError] C:\Users\TESTINIUM\IdeaProjects\BddGauge\specs\Product.cpt:4 Concept should have atleast one step => 'Ürün İşlemleri']
21-08-2020 14:47:26.663 [Gauge] [INFO] Concept file added / modified: C:\Users\TESTINIUM\IdeaProjects\BddGauge\specs\Product.cpt
21-08-2020 14:47:26.664 [Gauge] [ERROR] Parse failure: [[ParseError] C:\Users\TESTINIUM\IdeaProjects\BddGauge\specs\Product.cpt:4 Concept should have atleast one step => 'Ürün İşlemleri']
21-08-2020 14:47:31.864 [Gauge] [DEBUG] Api Request Received: messageType:GetStepValueRequest messageId:4 stepValueRequest:<stepText:"\"div[class='box product']\" li elementlerden rastgele birinin text de\304\237erini kaydet ve elemente t\304\261kla" > 
21-08-2020 14:47:31.865 [Gauge] [DEBUG] Sending API response: messageType:GetStepValueResponse messageId:4 stepValueResponse:<stepValue:<stepValue:"{} li elementlerden rastgele birinin text de\304\237erini kaydet ve elemente t\304\261kla" parameterizedStepValue:"<div[class='box product']> li elementlerden rastgele birinin text de\304\237erini kaydet ve elemente t\304\261kla" parameters:"div[class='box product']" > > 
21-08-2020 14:47:41.272 [Gauge] [INFO] Concept file added / modified: C:\Users\TESTINIUM\IdeaProjects\BddGauge\specs\Product.cpt
21-08-2020 14:47:41.298 [Gauge] [INFO] Concept file added / modified: C:\Users\TESTINIUM\IdeaProjects\BddGauge\specs\Product.cpt
21-08-2020 14:48:12.846 [Gauge] [DEBUG] Api Request Received: messageType:GetStepValueRequest messageId:4 stepValueRequest:<stepText:"* \"div[class='box product']\" li elementlerden rastgele birinin text de\304\237erini kaydet ve elemente t\304\261kla" > 
21-08-2020 14:48:12.846 [Gauge] [DEBUG] Sending API response: messageType:GetStepValueResponse messageId:4 stepValueResponse:<stepValue:<stepValue:"* {} li elementlerden rastgele birinin text de\304\237erini kaydet ve elemente t\304\261kla" parameterizedStepValue:"* <div[class='box product']> li elementlerden rastgele birinin text de\304\237erini kaydet ve elemente t\304\261kla" parameters:"div[class='box product']" > > 
21-08-2020 14:48:15.105 [Gauge] [DEBUG] Api Request Received: messageType:GetStepValueRequest messageId:4 stepValueRequest:<stepText:"<key> li elementlerden rastgele birinin text de\304\237erini kaydet ve elemente t\304\261kla" > 
21-08-2020 14:48:15.106 [Gauge] [DEBUG] Sending API response: messageType:GetStepValueResponse messageId:4 stepValueResponse:<stepValue:<stepValue:"{} li elementlerden rastgele birinin text de\304\237erini kaydet ve elemente t\304\261kla" parameterizedStepValue:"<key> li elementlerden rastgele birinin text de\304\237erini kaydet ve elemente t\304\261kla" parameters:"key" > > 
21-08-2020 14:49:11.647 [Gauge] [INFO] Spec file added / modified: C:\Users\TESTINIUM\IdeaProjects\BddGauge\specs\HepsiBuradaSenaryo.spec
21-08-2020 14:49:11.659 [Gauge] [INFO] Spec file added / modified: C:\Users\TESTINIUM\IdeaProjects\BddGauge\specs\HepsiBuradaSenaryo.spec
21-08-2020 14:49:13.022 [Gauge] [INFO] Spec file added / modified: C:\Users\TESTINIUM\IdeaProjects\BddGauge\specs\HepsiBuradaSenaryo.spec
21-08-2020 14:49:13.023 [Gauge] [INFO] Spec file added / modified: C:\Users\TESTINIUM\IdeaProjects\BddGauge\specs\HepsiBuradaSenaryo.spec
21-08-2020 14:49:16.917 [Gauge] [INFO] Spec file added / modified: C:\Users\TESTINIUM\IdeaProjects\BddGauge\specs\HepsiBuradaSenaryo.spec
21-08-2020 14:49:16.926 [Gauge] [INFO] Spec file added / modified: C:\Users\TESTINIUM\IdeaProjects\BddGauge\specs\HepsiBuradaSenaryo.spec
21-08-2020 14:49:17.384 [Gauge] [DEBUG] Api Request Received: messageType:GetStepValueRequest messageId:4 stepValueRequest:<stepText:"\303\234r\303\274n\303\274n a\303\247\304\261klama metnini csv dosyas\304\261na yaz" > 
21-08-2020 14:49:17.385 [Gauge] [DEBUG] Sending API response: messageType:GetStepValueResponse messageId:4 stepValueResponse:<stepValue:<stepValue:"\303\234r\303\274n\303\274n a\303\247\304\261klama metnini csv dosyas\304\261na yaz" parameterizedStepValue:"\303\234r\303\274n\303\274n a\303\247\304\261klama metnini csv dosyas\304\261na yaz" > > 
21-08-2020 14:49:17.758 [Gauge] [INFO] Spec file added / modified: C:\Users\TESTINIUM\IdeaProjects\BddGauge\specs\HepsiBuradaSenaryo.spec
21-08-2020 14:49:17.769 [Gauge] [INFO] Spec file added / modified: C:\Users\TESTINIUM\IdeaProjects\BddGauge\specs\HepsiBuradaSenaryo.spec
21-08-2020 14:50:46.995 [Gauge] [INFO] Concept file added / modified: C:\Users\TESTINIUM\IdeaProjects\BddGauge\specs\Product.cpt
21-08-2020 14:50:47.008 [Gauge] [INFO] Concept file added / modified: C:\Users\TESTINIUM\IdeaProjects\BddGauge\specs\Product.cpt
21-08-2020 14:50:47.527 [Gauge] [DEBUG] Api Request Received: messageType:GetStepValueRequest messageId:4 stepValueRequest:<stepText:"\"h1[id='product-name']\" li elementin text de\304\237erini kaydet" > 
21-08-2020 14:50:47.528 [Gauge] [DEBUG] Sending API response: messageType:GetStepValueResponse messageId:4 stepValueResponse:<stepValue:<stepValue:"{} li elementin text de\304\237erini kaydet" parameterizedStepValue:"<h1[id='product-name']> li elementin text de\304\237erini kaydet" parameters:"h1[id='product-name']" > > 
21-08-2020 14:50:50.161 [Gauge] [INFO] Concept file added / modified: C:\Users\TESTINIUM\IdeaProjects\BddGauge\specs\Product.cpt
21-08-2020 14:50:50.169 [Gauge] [INFO] Concept file added / modified: C:\Users\TESTINIUM\IdeaProjects\BddGauge\specs\Product.cpt
21-08-2020 14:51:07.739 [Gauge] [DEBUG] Api Request Received: messageType:GetStepValueRequest messageId:4 stepValueRequest:<stepText:"* \"h1[id='product-name']\" li elementin text de\304\237erini kaydet" > 
21-08-2020 14:51:07.740 [Gauge] [DEBUG] Sending API response: messageType:GetStepValueResponse messageId:4 stepValueResponse:<stepValue:<stepValue:"* {} li elementin text de\304\237erini kaydet" parameterizedStepValue:"* <h1[id='product-name']> li elementin text de\304\237erini kaydet" parameters:"h1[id='product-name']" > > 
21-08-2020 14:51:10.009 [Gauge] [DEBUG] Api Request Received: messageType:GetStepValueRequest messageId:4 stepValueRequest:<stepText:"<key> li elementin text de\304\237erini kaydet" > 
21-08-2020 14:51:10.009 [Gauge] [DEBUG] Sending API response: messageType:GetStepValueResponse messageId:4 stepValueResponse:<stepValue:<stepValue:"{} li elementin text de\304\237erini kaydet" parameterizedStepValue:"<key> li elementin text de\304\237erini kaydet" parameters:"key" > > 
21-08-2020 14:52:05.252 [Gauge] [INFO] Concept file added / modified: C:\Users\TESTINIUM\IdeaProjects\BddGauge\specs\Product.cpt
21-08-2020 14:52:05.262 [Gauge] [INFO] Concept file added / modified: C:\Users\TESTINIUM\IdeaProjects\BddGauge\specs\Product.cpt
21-08-2020 14:52:05.805 [Gauge] [DEBUG] Api Request Received: messageType:GetStepValueRequest messageId:4 stepValueRequest:<stepText:"\303\234r\303\274n\303\274n texti ile detay sayfas\304\261ndaki \303\274r\303\274n\303\274n textini kar\305\237\304\261la\305\237t\304\261r" > 
21-08-2020 14:52:05.807 [Gauge] [DEBUG] Sending API response: messageType:GetStepValueResponse messageId:4 stepValueResponse:<stepValue:<stepValue:"\303\234r\303\274n\303\274n texti ile detay sayfas\304\261ndaki \303\274r\303\274n\303\274n textini kar\305\237\304\261la\305\237t\304\261r" parameterizedStepValue:"\303\234r\303\274n\303\274n texti ile detay sayfas\304\261ndaki \303\274r\303\274n\303\274n textini kar\305\237\304\261la\305\237t\304\261r" > > 
21-08-2020 14:52:08.157 [Gauge] [INFO] Concept file added / modified: C:\Users\TESTINIUM\IdeaProjects\BddGauge\specs\Product.cpt
21-08-2020 14:52:08.183 [Gauge] [INFO] Concept file added / modified: C:\Users\TESTINIUM\IdeaProjects\BddGauge\specs\Product.cpt
21-08-2020 14:52:24.226 [Gauge] [DEBUG] Api Request Received: messageType:GetStepValueRequest messageId:4 stepValueRequest:<stepText:"* \303\234r\303\274n\303\274n texti ile detay sayfas\304\261ndaki \303\274r\303\274n\303\274n textini kar\305\237\304\261la\305\237t\304\261r" > 
21-08-2020 14:52:24.226 [Gauge] [DEBUG] Sending API response: messageType:GetStepValueResponse messageId:4 stepValueResponse:<stepValue:<stepValue:"* \303\234r\303\274n\303\274n texti ile detay sayfas\304\261ndaki \303\274r\303\274n\303\274n textini kar\305\237\304\261la\305\237t\304\261r" parameterizedStepValue:"* \303\234r\303\274n\303\274n texti ile detay sayfas\304\261ndaki \303\274r\303\274n\303\274n textini kar\305\237\304\261la\305\237t\304\261r" > > 
21-08-2020 14:52:45.074 [Gauge] [INFO] Spec file added / modified: C:\Users\TESTINIUM\IdeaProjects\BddGauge\specs\HepsiBuradaSenaryo.spec
21-08-2020 14:52:45.085 [Gauge] [INFO] Spec file added / modified: C:\Users\TESTINIUM\IdeaProjects\BddGauge\specs\HepsiBuradaSenaryo.spec
21-08-2020 14:52:45.659 [Gauge] [DEBUG] Api Request Received: messageType:GetStepValueRequest messageId:4 stepValueRequest:<stepText:"\"input[id='quantity']\" li elementin attribute'\303\274n\303\274 kaydet" > 
21-08-2020 14:52:45.662 [Gauge] [DEBUG] Sending API response: messageType:GetStepValueResponse messageId:4 stepValueResponse:<stepValue:<stepValue:"{} li elementin attribute'\303\274n\303\274 kaydet" parameterizedStepValue:"<input[id='quantity']> li elementin attribute'\303\274n\303\274 kaydet" parameters:"input[id='quantity']" > > 
21-08-2020 14:52:48.312 [Gauge] [INFO] Spec file added / modified: C:\Users\TESTINIUM\IdeaProjects\BddGauge\specs\HepsiBuradaSenaryo.spec
21-08-2020 14:52:48.333 [Gauge] [INFO] Spec file added / modified: C:\Users\TESTINIUM\IdeaProjects\BddGauge\specs\HepsiBuradaSenaryo.spec
21-08-2020 14:52:58.360 [Gauge] [DEBUG] Api Request Received: messageType:GetStepValueRequest messageId:4 stepValueRequest:<stepText:"<key> li elementin attribute'\303\274n\303\274 kaydet" > 
21-08-2020 14:52:58.360 [Gauge] [DEBUG] Sending API response: messageType:GetStepValueResponse messageId:4 stepValueResponse:<stepValue:<stepValue:"{} li elementin attribute'\303\274n\303\274 kaydet" parameterizedStepValue:"<key> li elementin attribute'\303\274n\303\274 kaydet" parameters:"key" > > 
21-08-2020 14:53:07.858 [Gauge] [INFO] Concept file added / modified: C:\Users\TESTINIUM\IdeaProjects\BddGauge\specs\Product.cpt
21-08-2020 14:53:07.871 [Gauge] [INFO] Concept file added / modified: C:\Users\TESTINIUM\IdeaProjects\BddGauge\specs\Product.cpt
21-08-2020 14:53:08.359 [Gauge] [DEBUG] Api Request Received: messageType:GetStepValueRequest messageId:4 stepValueRequest:<stepText:"\"button[id='addToCart']\" li elemente t\304\261kla" > 
21-08-2020 14:53:08.361 [Gauge] [DEBUG] Sending API response: messageType:GetStepValueResponse messageId:4 stepValueResponse:<stepValue:<stepValue:"{} li elemente t\304\261kla" parameterizedStepValue:"<button[id='addToCart']> li elemente t\304\261kla" parameters:"button[id='addToCart']" > > 
21-08-2020 14:53:11.550 [Gauge] [INFO] Concept file added / modified: C:\Users\TESTINIUM\IdeaProjects\BddGauge\specs\Product.cpt
21-08-2020 14:53:11.551 [Gauge] [INFO] Concept file added / modified: C:\Users\TESTINIUM\IdeaProjects\BddGauge\specs\Product.cpt
21-08-2020 14:53:16.933 [Gauge] [INFO] Concept file added / modified: C:\Users\TESTINIUM\IdeaProjects\BddGauge\specs\Product.cpt
21-08-2020 14:53:16.945 [Gauge] [INFO] Concept file added / modified: C:\Users\TESTINIUM\IdeaProjects\BddGauge\specs\Product.cpt
21-08-2020 14:53:17.492 [Gauge] [DEBUG] Api Request Received: messageType:GetStepValueRequest messageId:4 stepValueRequest:<stepText:"Sepete eklerkenki div de\304\237i\305\237ikli\304\237i kontrol et sonuca g\303\266re i\305\237lem yap" > 
21-08-2020 14:53:17.492 [Gauge] [DEBUG] Sending API response: messageType:GetStepValueResponse messageId:4 stepValueResponse:<stepValue:<stepValue:"Sepete eklerkenki div de\304\237i\305\237ikli\304\237i kontrol et sonuca g\303\266re i\305\237lem yap" parameterizedStepValue:"Sepete eklerkenki div de\304\237i\305\237ikli\304\237i kontrol et sonuca g\303\266re i\305\237lem yap" > > 
21-08-2020 14:53:19.070 [Gauge] [INFO] Concept file added / modified: C:\Users\TESTINIUM\IdeaProjects\BddGauge\specs\Product.cpt
21-08-2020 14:53:19.093 [Gauge] [INFO] Concept file added / modified: C:\Users\TESTINIUM\IdeaProjects\BddGauge\specs\Product.cpt
21-08-2020 14:53:42.359 [Gauge] [DEBUG] Api Request Received: messageType:GetStepValueRequest messageId:4 stepValueRequest:<stepText:"* Sepete eklerkenki div de\304\237i\305\237ikli\304\237i kontrol et sonuca g\303\266re i\305\237lem yap" > 
21-08-2020 14:53:42.359 [Gauge] [DEBUG] Sending API response: messageType:GetStepValueResponse messageId:4 stepValueResponse:<stepValue:<stepValue:"* Sepete eklerkenki div de\304\237i\305\237ikli\304\237i kontrol et sonuca g\303\266re i\305\237lem yap" parameterizedStepValue:"* Sepete eklerkenki div de\304\237i\305\237ikli\304\237i kontrol et sonuca g\303\266re i\305\237lem yap" > > 
21-08-2020 14:53:42.359 [Gauge] [DEBUG] Api Request Received: messageType:GetStepValueRequest messageId:4 stepValueRequest:<stepText:"* \"button[id='addToCart']\" li elemente t\304\261kla" > 
21-08-2020 14:53:42.359 [Gauge] [DEBUG] Sending API response: messageType:GetStepValueResponse messageId:4 stepValueResponse:<stepValue:<stepValue:"* {} li elemente t\304\261kla" parameterizedStepValue:"* <button[id='addToCart']> li elemente t\304\261kla" parameters:"button[id='addToCart']" > > 
21-08-2020 14:54:12.686 [Gauge] [DEBUG] Api Request Received: messageType:GetStepValueRequest messageId:4 stepValueRequest:<stepText:"<xpath> li elemente xpath ile t\304\261kla" > 
21-08-2020 14:54:12.694 [Gauge] [DEBUG] Sending API response: messageType:GetStepValueResponse messageId:4 stepValueResponse:<stepValue:<stepValue:"{} li elemente xpath ile t\304\261kla" parameterizedStepValue:"<xpath> li elemente xpath ile t\304\261kla" parameters:"xpath" > > 
21-08-2020 14:54:24.518 [Gauge] [INFO] Concept file added / modified: C:\Users\TESTINIUM\IdeaProjects\BddGauge\specs\Product.cpt
21-08-2020 14:54:24.531 [Gauge] [INFO] Concept file added / modified: C:\Users\TESTINIUM\IdeaProjects\BddGauge\specs\Product.cpt
21-08-2020 14:54:25.020 [Gauge] [DEBUG] Api Request Received: messageType:GetStepValueRequest messageId:4 stepValueRequest:<stepText:"Detay sayfas\304\261ndaki \"input[class='quantity']\" li elementin attribute'\303\274n\303\274 kaydet" > 
21-08-2020 14:54:25.023 [Gauge] [DEBUG] Sending API response: messageType:GetStepValueResponse messageId:4 stepValueResponse:<stepValue:<stepValue:"Detay sayfas\304\261ndaki {} li elementin attribute'\303\274n\303\274 kaydet" parameterizedStepValue:"Detay sayfas\304\261ndaki <input[class='quantity']> li elementin attribute'\303\274n\303\274 kaydet" parameters:"input[class='quantity']" > > 
21-08-2020 14:54:26.302 [Gauge] [INFO] Concept file added / modified: C:\Users\TESTINIUM\IdeaProjects\BddGauge\specs\Product.cpt
21-08-2020 14:54:26.303 [Gauge] [INFO] Concept file added / modified: C:\Users\TESTINIUM\IdeaProjects\BddGauge\specs\Product.cpt
21-08-2020 14:54:33.188 [Gauge] [DEBUG] Api Request Received: messageType:GetStepValueRequest messageId:4 stepValueRequest:<stepText:"* Detay sayfas\304\261ndaki \"input[class='quantity']\" li elementin attribute'\303\274n\303\274 kaydet" > 
21-08-2020 14:54:33.189 [Gauge] [DEBUG] Sending API response: messageType:GetStepValueResponse messageId:4 stepValueResponse:<stepValue:<stepValue:"* Detay sayfas\304\261ndaki {} li elementin attribute'\303\274n\303\274 kaydet" parameterizedStepValue:"* Detay sayfas\304\261ndaki <input[class='quantity']> li elementin attribute'\303\274n\303\274 kaydet" parameters:"input[class='quantity']" > > 
21-08-2020 14:54:34.767 [Gauge] [DEBUG] Api Request Received: messageType:GetStepValueRequest messageId:4 stepValueRequest:<stepText:"Detay sayfas\304\261ndaki <key> li elementin attribute'\303\274n\303\274 kaydet" > 
21-08-2020 14:54:34.769 [Gauge] [DEBUG] Sending API response: messageType:GetStepValueResponse messageId:4 stepValueResponse:<stepValue:<stepValue:"Detay sayfas\304\261ndaki {} li elementin attribute'\303\274n\303\274 kaydet" parameterizedStepValue:"Detay sayfas\304\261ndaki <key> li elementin attribute'\303\274n\303\274 kaydet" parameters:"key" > > 
21-08-2020 14:54:50.865 [Gauge] [INFO] Concept file added / modified: C:\Users\TESTINIUM\IdeaProjects\BddGauge\specs\Product.cpt
21-08-2020 14:54:50.874 [Gauge] [INFO] Concept file added / modified: C:\Users\TESTINIUM\IdeaProjects\BddGauge\specs\Product.cpt
21-08-2020 14:54:51.619 [Gauge] [DEBUG] Api Request Received: messageType:GetStepValueRequest messageId:4 stepValueRequest:<stepText:"\"button[class='increase']\" li elemente t\304\261kla" > 
21-08-2020 14:54:51.620 [Gauge] [DEBUG] Sending API response: messageType:GetStepValueResponse messageId:4 stepValueResponse:<stepValue:<stepValue:"{} li elemente t\304\261kla" parameterizedStepValue:"<button[class='increase']> li elemente t\304\261kla" parameters:"button[class='increase']" > > 
21-08-2020 14:54:51.623 [Gauge] [DEBUG] Api Request Received: messageType:GetStepValueRequest messageId:4 stepValueRequest:<stepText:"\"div[class='total-price'] span\" li elementin toplam tutar\304\261n\304\261 csv dosyas\304\261na yaz" > 
21-08-2020 14:54:51.623 [Gauge] [DEBUG] Sending API response: messageType:GetStepValueResponse messageId:4 stepValueResponse:<stepValue:<stepValue:"{} li elementin toplam tutar\304\261n\304\261 csv dosyas\304\261na yaz" parameterizedStepValue:"<div[class='total-price'] span> li elementin toplam tutar\304\261n\304\261 csv dosyas\304\261na yaz" parameters:"div[class='total-price'] span" > > 
21-08-2020 14:54:54.634 [Gauge] [INFO] Concept file added / modified: C:\Users\TESTINIUM\IdeaProjects\BddGauge\specs\Product.cpt
21-08-2020 14:54:54.653 [Gauge] [INFO] Concept file added / modified: C:\Users\TESTINIUM\IdeaProjects\BddGauge\specs\Product.cpt
21-08-2020 14:55:12.409 [Gauge] [DEBUG] Api Request Received: messageType:GetStepValueRequest messageId:4 stepValueRequest:<stepText:"* \"button[class='increase']\" li elemente t\304\261kla" > 
21-08-2020 14:55:12.409 [Gauge] [DEBUG] Sending API response: messageType:GetStepValueResponse messageId:4 stepValueResponse:<stepValue:<stepValue:"* {} li elemente t\304\261kla" parameterizedStepValue:"* <button[class='increase']> li elemente t\304\261kla" parameters:"button[class='increase']" > > 
21-08-2020 14:55:12.409 [Gauge] [DEBUG] Api Request Received: messageType:GetStepValueRequest messageId:4 stepValueRequest:<stepText:"* \"2\" saniye bekle" > 
21-08-2020 14:55:12.409 [Gauge] [DEBUG] Sending API response: messageType:GetStepValueResponse messageId:4 stepValueResponse:<stepValue:<stepValue:"* {} saniye bekle" parameterizedStepValue:"* <2> saniye bekle" parameters:"2" > > 
21-08-2020 14:55:12.410 [Gauge] [DEBUG] Api Request Received: messageType:GetStepValueRequest messageId:4 stepValueRequest:<stepText:"* \"div[class='total-price'] span\" li elementin toplam tutar\304\261n\304\261 csv dosyas\304\261na yaz" > 
21-08-2020 14:55:12.410 [Gauge] [DEBUG] Sending API response: messageType:GetStepValueResponse messageId:4 stepValueResponse:<stepValue:<stepValue:"* {} li elementin toplam tutar\304\261n\304\261 csv dosyas\304\261na yaz" parameterizedStepValue:"* <div[class='total-price'] span> li elementin toplam tutar\304\261n\304\261 csv dosyas\304\261na yaz" parameters:"div[class='total-price'] span" > > 
21-08-2020 14:55:13.597 [Gauge] [DEBUG] Api Request Received: messageType:GetStepValueRequest messageId:4 stepValueRequest:<stepText:"<key> li elementin toplam tutar\304\261n\304\261 csv dosyas\304\261na yaz" > 
21-08-2020 14:55:13.598 [Gauge] [DEBUG] Sending API response: messageType:GetStepValueResponse messageId:4 stepValueResponse:<stepValue:<stepValue:"{} li elementin toplam tutar\304\261n\304\261 csv dosyas\304\261na yaz" parameterizedStepValue:"<key> li elementin toplam tutar\304\261n\304\261 csv dosyas\304\261na yaz" parameters:"key" > > 
21-08-2020 14:55:24.894 [Gauge] [INFO] Concept file added / modified: C:\Users\TESTINIUM\IdeaProjects\BddGauge\specs\Product.cpt
21-08-2020 14:55:24.904 [Gauge] [INFO] Concept file added / modified: C:\Users\TESTINIUM\IdeaProjects\BddGauge\specs\Product.cpt
21-08-2020 14:55:25.445 [Gauge] [DEBUG] Api Request Received: messageType:GetStepValueRequest messageId:4 stepValueRequest:<stepText:"\"//span[text()='Al\304\261\305\237veri\305\237i Tamamla']\" li elemente xpath ile t\304\261kla" > 
21-08-2020 14:55:25.447 [Gauge] [DEBUG] Sending API response: messageType:GetStepValueResponse messageId:4 stepValueResponse:<stepValue:<stepValue:"{} li elemente xpath ile t\304\261kla" parameterizedStepValue:"<//span[text()='Al\304\261\305\237veri\305\237i Tamamla']> li elemente xpath ile t\304\261kla" parameters:"//span[text()='Al\304\261\305\237veri\305\237i Tamamla']" > > 
21-08-2020 14:55:34.588 [Gauge] [INFO] Concept file added / modified: C:\Users\TESTINIUM\IdeaProjects\BddGauge\specs\Product.cpt
21-08-2020 14:55:34.589 [Gauge] [INFO] Concept file added / modified: C:\Users\TESTINIUM\IdeaProjects\BddGauge\specs\Product.cpt
21-08-2020 14:55:44.280 [Gauge] [INFO] Spec file added / modified: C:\Users\TESTINIUM\IdeaProjects\BddGauge\specs\HepsiBuradaSenaryo.spec
21-08-2020 14:55:44.292 [Gauge] [INFO] Spec file added / modified: C:\Users\TESTINIUM\IdeaProjects\BddGauge\specs\HepsiBuradaSenaryo.spec
21-08-2020 14:55:45.946 [Gauge] [INFO] Spec file added / modified: C:\Users\TESTINIUM\IdeaProjects\BddGauge\specs\HepsiBuradaSenaryo.spec
21-08-2020 14:55:45.955 [Gauge] [INFO] Spec file added / modified: C:\Users\TESTINIUM\IdeaProjects\BddGauge\specs\HepsiBuradaSenaryo.spec
21-08-2020 14:56:08.692 [Gauge] [INFO] Watching directory: C:\Users\TESTINIUM\IdeaProjects\BddGauge\specs\AddAddresses
21-08-2020 14:56:08.692 [Gauge] [DEBUG] Found 0 files
21-08-2020 14:56:21.052 [Gauge] [INFO] Concept file added / modified: C:\Users\TESTINIUM\IdeaProjects\BddGauge\specs\AddAddresses.cpt
21-08-2020 14:56:21.068 [Gauge] [INFO] Concept file added / modified: C:\Users\TESTINIUM\IdeaProjects\BddGauge\specs\AddAddresses.cpt
21-08-2020 14:56:21.071 [Gauge] [INFO] Concept file added / modified: C:\Users\TESTINIUM\IdeaProjects\BddGauge\specs\AddAddresses.cpt
21-08-2020 14:56:25.462 [Gauge] [DEBUG] Api Request Received: messageType:GetStepValueRequest messageId:4 stepValueRequest:<stepText:" Adres Ekleme \304\260\305\237lemi" > 
21-08-2020 14:56:25.462 [Gauge] [DEBUG] Sending API response: messageType:GetStepValueResponse messageId:4 stepValueResponse:<stepValue:<stepValue:"Adres Ekleme \304\260\305\237lemi" parameterizedStepValue:"Adres Ekleme \304\260\305\237lemi" > > 
21-08-2020 14:56:27.103 [Gauge] [INFO] Concept file added / modified: C:\Users\TESTINIUM\IdeaProjects\BddGauge\specs\AddAddresses.cpt
21-08-2020 14:56:27.113 [Gauge] [INFO] Concept file added / modified: C:\Users\TESTINIUM\IdeaProjects\BddGauge\specs\AddAddresses.cpt
21-08-2020 14:56:34.460 [Gauge] [DEBUG] Api Request Received: messageType:GetStepValueRequest messageId:4 stepValueRequest:<stepText:"\"a[class='link-type-two']\" li elemente t\304\261kla" > 
21-08-2020 14:56:34.460 [Gauge] [DEBUG] Sending API response: messageType:GetStepValueResponse messageId:4 stepValueResponse:<stepValue:<stepValue:"{} li elemente t\304\261kla" parameterizedStepValue:"<a[class='link-type-two']> li elemente t\304\261kla" parameters:"a[class='link-type-two']" > > 
21-08-2020 14:56:34.464 [Gauge] [DEBUG] Api Request Received: messageType:GetStepValueRequest messageId:4 stepValueRequest:<stepText:"\"input[id='first-name']\" li elemente \"testinium\" de\304\237erini yaz" > 
21-08-2020 14:56:34.464 [Gauge] [DEBUG] Sending API response: messageType:GetStepValueResponse messageId:4 stepValueResponse:<stepValue:<stepValue:"{} li elemente {} de\304\237erini yaz" parameterizedStepValue:"<input[id='first-name']> li elemente <testinium> de\304\237erini yaz" parameters:"input[id='first-name']" parameters:"testinium" > > 
21-08-2020 14:56:34.467 [Gauge] [DEBUG] Api Request Received: messageType:GetStepValueRequest messageId:4 stepValueRequest:<stepText:"\"input[id='last-name']\" li elemente \"yeni adres\" de\304\237erini yaz" > 
21-08-2020 14:56:34.467 [Gauge] [DEBUG] Sending API response: messageType:GetStepValueResponse messageId:4 stepValueResponse:<stepValue:<stepValue:"{} li elemente {} de\304\237erini yaz" parameterizedStepValue:"<input[id='last-name']> li elemente <yeni adres> de\304\237erini yaz" parameters:"input[id='last-name']" parameters:"yeni adres" > > 
21-08-2020 14:56:39.424 [Gauge] [INFO] Concept file added / modified: C:\Users\TESTINIUM\IdeaProjects\BddGauge\specs\AddAddresses.cpt
21-08-2020 14:56:39.432 [Gauge] [INFO] Concept file added / modified: C:\Users\TESTINIUM\IdeaProjects\BddGauge\specs\AddAddresses.cpt
21-08-2020 14:56:46.245 [Gauge] [INFO] Concept file added / modified: C:\Users\TESTINIUM\IdeaProjects\BddGauge\specs\AddAddresses.cpt
21-08-2020 14:56:46.256 [Gauge] [INFO] Concept file added / modified: C:\Users\TESTINIUM\IdeaProjects\BddGauge\specs\AddAddresses.cpt
21-08-2020 14:56:46.794 [Gauge] [DEBUG] Api Request Received: messageType:GetStepValueRequest messageId:4 stepValueRequest:<stepText:"\"button[data-id='city']\" li elemente t\304\261kla" > 
21-08-2020 14:56:46.797 [Gauge] [DEBUG] Sending API response: messageType:GetStepValueResponse messageId:4 stepValueResponse:<stepValue:<stepValue:"{} li elemente t\304\261kla" parameterizedStepValue:"<button[data-id='city']> li elemente t\304\261kla" parameters:"button[data-id='city']" > > 
21-08-2020 14:56:46.798 [Gauge] [DEBUG] Api Request Received: messageType:GetStepValueRequest messageId:4 stepValueRequest:<stepText:"\"//span[text()='\304\260stanbul']\" li elemente xpath ile t\304\261kla" > 
21-08-2020 14:56:46.799 [Gauge] [DEBUG] Sending API response: messageType:GetStepValueResponse messageId:4 stepValueResponse:<stepValue:<stepValue:"{} li elemente xpath ile t\304\261kla" parameterizedStepValue:"<//span[text()='\304\260stanbul']> li elemente xpath ile t\304\261kla" parameters:"//span[text()='\304\260stanbul']" > > 
21-08-2020 14:56:46.800 [Gauge] [DEBUG] Api Request Received: messageType:GetStepValueRequest messageId:4 stepValueRequest:<stepText:"\"button[data-id='town']\" li elemente t\304\261kla" > 
21-08-2020 14:56:46.800 [Gauge] [DEBUG] Sending API response: messageType:GetStepValueResponse messageId:4 stepValueResponse:<stepValue:<stepValue:"{} li elemente t\304\261kla" parameterizedStepValue:"<button[data-id='town']> li elemente t\304\261kla" parameters:"button[data-id='town']" > > 
21-08-2020 14:56:46.801 [Gauge] [DEBUG] Api Request Received: messageType:GetStepValueRequest messageId:4 stepValueRequest:<stepText:"\"//span[text()='\303\234SK\303\234DAR']\" li elemente xpath ile t\304\261kla" > 
21-08-2020 14:56:46.802 [Gauge] [DEBUG] Sending API response: messageType:GetStepValueResponse messageId:4 stepValueResponse:<stepValue:<stepValue:"{} li elemente xpath ile t\304\261kla" parameterizedStepValue:"<//span[text()='\303\234SK\303\234DAR']> li elemente xpath ile t\304\261kla" parameters:"//span[text()='\303\234SK\303\234DAR']" > > 
21-08-2020 14:56:46.803 [Gauge] [DEBUG] Api Request Received: messageType:GetStepValueRequest messageId:4 stepValueRequest:<stepText:"\"button[data-id='district']\" li elemente t\304\261kla" > 
21-08-2020 14:56:46.803 [Gauge] [DEBUG] Sending API response: messageType:GetStepValueResponse messageId:4 stepValueResponse:<stepValue:<stepValue:"{} li elemente t\304\261kla" parameterizedStepValue:"<button[data-id='district']> li elemente t\304\261kla" parameters:"button[data-id='district']" > > 
21-08-2020 14:56:46.805 [Gauge] [DEBUG] Api Request Received: messageType:GetStepValueRequest messageId:4 stepValueRequest:<stepText:"\"//span[text()='ACIBADEM']\" li elemente xpath ile t\304\261kla" > 
21-08-2020 14:56:46.805 [Gauge] [DEBUG] Sending API response: messageType:GetStepValueResponse messageId:4 stepValueResponse:<stepValue:<stepValue:"{} li elemente xpath ile t\304\261kla" parameterizedStepValue:"<//span[text()='ACIBADEM']> li elemente xpath ile t\304\261kla" parameters:"//span[text()='ACIBADEM']" > > 
21-08-2020 14:56:46.806 [Gauge] [DEBUG] Api Request Received: messageType:GetStepValueRequest messageId:4 stepValueRequest:<stepText:"\"textarea[id='address']\" li elemente \"Akasya avm\" de\304\237erini yaz" > 
21-08-2020 14:56:46.807 [Gauge] [DEBUG] Sending API response: messageType:GetStepValueResponse messageId:4 stepValueResponse:<stepValue:<stepValue:"{} li elemente {} de\304\237erini yaz" parameterizedStepValue:"<textarea[id='address']> li elemente <Akasya avm> de\304\237erini yaz" parameters:"textarea[id='address']" parameters:"Akasya avm" > > 
21-08-2020 14:56:46.808 [Gauge] [DEBUG] Api Request Received: messageType:GetStepValueRequest messageId:4 stepValueRequest:<stepText:"\"input[id='address-name']\" li elemente \"\304\260\305\237 adresi\" de\304\237erini yaz" > 
21-08-2020 14:56:46.809 [Gauge] [DEBUG] Sending API response: messageType:GetStepValueResponse messageId:4 stepValueResponse:<stepValue:<stepValue:"{} li elemente {} de\304\237erini yaz" parameterizedStepValue:"<input[id='address-name']> li elemente <\304\260\305\237 adresi> de\304\237erini yaz" parameters:"input[id='address-name']" parameters:"\304\260\305\237 adresi" > > 
21-08-2020 14:56:46.811 [Gauge] [DEBUG] Api Request Received: messageType:GetStepValueRequest messageId:4 stepValueRequest:<stepText:"\"input[id='phone']\" li elemente \"+905555550000\" de\304\237erini yaz" > 
21-08-2020 14:56:46.812 [Gauge] [DEBUG] Sending API response: messageType:GetStepValueResponse messageId:4 stepValueResponse:<stepValue:<stepValue:"{} li elemente {} de\304\237erini yaz" parameterizedStepValue:"<input[id='phone']> li elemente <+905555550000> de\304\237erini yaz" parameters:"input[id='phone']" parameters:"+905555550000" > > 
21-08-2020 14:56:46.813 [Gauge] [DEBUG] Api Request Received: messageType:GetStepValueRequest messageId:4 stepValueRequest:<stepText:"\"//span[text()='Adresi Kaydet']\" li elemente xpath ile t\304\261kla" > 
21-08-2020 14:56:46.814 [Gauge] [DEBUG] Sending API response: messageType:GetStepValueResponse messageId:4 stepValueResponse:<stepValue:<stepValue:"{} li elemente xpath ile t\304\261kla" parameterizedStepValue:"<//span[text()='Adresi Kaydet']> li elemente xpath ile t\304\261kla" parameters:"//span[text()='Adresi Kaydet']" > > 
21-08-2020 14:56:49.531 [Gauge] [INFO] Concept file added / modified: C:\Users\TESTINIUM\IdeaProjects\BddGauge\specs\AddAddresses.cpt
21-08-2020 14:56:49.552 [Gauge] [INFO] Concept file added / modified: C:\Users\TESTINIUM\IdeaProjects\BddGauge\specs\AddAddresses.cpt
21-08-2020 14:57:15.422 [Gauge] [DEBUG] Api Request Received: messageType:GetStepValueRequest messageId:4 stepValueRequest:<stepText:"* \"button[data-id='district']\" li elemente t\304\261kla" > 
21-08-2020 14:57:15.422 [Gauge] [DEBUG] Sending API response: messageType:GetStepValueResponse messageId:4 stepValueResponse:<stepValue:<stepValue:"* {} li elemente t\304\261kla" parameterizedStepValue:"* <button[data-id='district']> li elemente t\304\261kla" parameters:"button[data-id='district']" > > 
21-08-2020 14:57:15.422 [Gauge] [DEBUG] Api Request Received: messageType:GetStepValueRequest messageId:4 stepValueRequest:<stepText:"* \"//span[text()='\303\234SK\303\234DAR']\" li elemente xpath ile t\304\261kla" > 
21-08-2020 14:57:15.422 [Gauge] [DEBUG] Sending API response: messageType:GetStepValueResponse messageId:4 stepValueResponse:<stepValue:<stepValue:"* {} li elemente xpath ile t\304\261kla" parameterizedStepValue:"* <//span[text()='\303\234SK\303\234DAR']> li elemente xpath ile t\304\261kla" parameters:"//span[text()='\303\234SK\303\234DAR']" > > 
21-08-2020 14:57:15.422 [Gauge] [DEBUG] Api Request Received: messageType:GetStepValueRequest messageId:4 stepValueRequest:<stepText:"* \"input[id='first-name']\" li elemente \"testinium\" de\304\237erini yaz" > 
21-08-2020 14:57:15.422 [Gauge] [DEBUG] Sending API response: messageType:GetStepValueResponse messageId:4 stepValueResponse:<stepValue:<stepValue:"* {} li elemente {} de\304\237erini yaz" parameterizedStepValue:"* <input[id='first-name']> li elemente <testinium> de\304\237erini yaz" parameters:"input[id='first-name']" parameters:"testinium" > > 
21-08-2020 14:57:15.422 [Gauge] [DEBUG] Api Request Received: messageType:GetStepValueRequest messageId:4 stepValueRequest:<stepText:"* \"textarea[id='address']\" li elemente \"Akasya avm\" de\304\237erini yaz" > 
21-08-2020 14:57:15.422 [Gauge] [DEBUG] Sending API response: messageType:GetStepValueResponse messageId:4 stepValueResponse:<stepValue:<stepValue:"* {} li elemente {} de\304\237erini yaz" parameterizedStepValue:"* <textarea[id='address']> li elemente <Akasya avm> de\304\237erini yaz" parameters:"textarea[id='address']" parameters:"Akasya avm" > > 
21-08-2020 14:57:15.423 [Gauge] [DEBUG] Api Request Received: messageType:GetStepValueRequest messageId:4 stepValueRequest:<stepText:"* \"input[id='last-name']\" li elemente \"yeni adres\" de\304\237erini yaz" > 
21-08-2020 14:57:15.423 [Gauge] [DEBUG] Sending API response: messageType:GetStepValueResponse messageId:4 stepValueResponse:<stepValue:<stepValue:"* {} li elemente {} de\304\237erini yaz" parameterizedStepValue:"* <input[id='last-name']> li elemente <yeni adres> de\304\237erini yaz" parameters:"input[id='last-name']" parameters:"yeni adres" > > 
21-08-2020 14:57:15.423 [Gauge] [DEBUG] Api Request Received: messageType:GetStepValueRequest messageId:4 stepValueRequest:<stepText:"* \"button[data-id='city']\" li elemente t\304\261kla" > 
21-08-2020 14:57:15.423 [Gauge] [DEBUG] Sending API response: messageType:GetStepValueResponse messageId:4 stepValueResponse:<stepValue:<stepValue:"* {} li elemente t\304\261kla" parameterizedStepValue:"* <button[data-id='city']> li elemente t\304\261kla" parameters:"button[data-id='city']" > > 
21-08-2020 14:57:15.423 [Gauge] [DEBUG] Api Request Received: messageType:GetStepValueRequest messageId:4 stepValueRequest:<stepText:"* \"input[id='address-name']\" li elemente \"\304\260\305\237 adresi\" de\304\237erini yaz" > 
21-08-2020 14:57:15.423 [Gauge] [DEBUG] Sending API response: messageType:GetStepValueResponse messageId:4 stepValueResponse:<stepValue:<stepValue:"* {} li elemente {} de\304\237erini yaz" parameterizedStepValue:"* <input[id='address-name']> li elemente <\304\260\305\237 adresi> de\304\237erini yaz" parameters:"input[id='address-name']" parameters:"\304\260\305\237 adresi" > > 
21-08-2020 14:57:15.423 [Gauge] [DEBUG] Api Request Received: messageType:GetStepValueRequest messageId:4 stepValueRequest:<stepText:"* \"//span[text()='ACIBADEM']\" li elemente xpath ile t\304\261kla" > 
21-08-2020 14:57:15.424 [Gauge] [DEBUG] Sending API response: messageType:GetStepValueResponse messageId:4 stepValueResponse:<stepValue:<stepValue:"* {} li elemente xpath ile t\304\261kla" parameterizedStepValue:"* <//span[text()='ACIBADEM']> li elemente xpath ile t\304\261kla" parameters:"//span[text()='ACIBADEM']" > > 
21-08-2020 14:57:15.424 [Gauge] [DEBUG] Api Request Received: messageType:GetStepValueRequest messageId:4 stepValueRequest:<stepText:"* \"input[id='phone']\" li elemente \"+905555550000\" de\304\237erini yaz" > 
21-08-2020 14:57:15.424 [Gauge] [DEBUG] Sending API response: messageType:GetStepValueResponse messageId:4 stepValueResponse:<stepValue:<stepValue:"* {} li elemente {} de\304\237erini yaz" parameterizedStepValue:"* <input[id='phone']> li elemente <+905555550000> de\304\237erini yaz" parameters:"input[id='phone']" parameters:"+905555550000" > > 
21-08-2020 14:57:15.424 [Gauge] [DEBUG] Api Request Received: messageType:GetStepValueRequest messageId:4 stepValueRequest:<stepText:"* \"//span[text()='Adresi Kaydet']\" li elemente xpath ile t\304\261kla" > 
21-08-2020 14:57:15.424 [Gauge] [DEBUG] Sending API response: messageType:GetStepValueResponse messageId:4 stepValueResponse:<stepValue:<stepValue:"* {} li elemente xpath ile t\304\261kla" parameterizedStepValue:"* <//span[text()='Adresi Kaydet']> li elemente xpath ile t\304\261kla" parameters:"//span[text()='Adresi Kaydet']" > > 
21-08-2020 14:57:15.424 [Gauge] [DEBUG] Api Request Received: messageType:GetStepValueRequest messageId:4 stepValueRequest:<stepText:"* \"button[data-id='town']\" li elemente t\304\261kla" > 
21-08-2020 14:57:15.424 [Gauge] [DEBUG] Sending API response: messageType:GetStepValueResponse messageId:4 stepValueResponse:<stepValue:<stepValue:"* {} li elemente t\304\261kla" parameterizedStepValue:"* <button[data-id='town']> li elemente t\304\261kla" parameters:"button[data-id='town']" > > 
21-08-2020 14:57:15.424 [Gauge] [DEBUG] Api Request Received: messageType:GetStepValueRequest messageId:4 stepValueRequest:<stepText:"* \"a[class='link-type-two']\" li elemente t\304\261kla" > 
21-08-2020 14:57:15.424 [Gauge] [DEBUG] Sending API response: messageType:GetStepValueResponse messageId:4 stepValueResponse:<stepValue:<stepValue:"* {} li elemente t\304\261kla" parameterizedStepValue:"* <a[class='link-type-two']> li elemente t\304\261kla" parameters:"a[class='link-type-two']" > > 
21-08-2020 14:57:15.425 [Gauge] [DEBUG] Api Request Received: messageType:GetStepValueRequest messageId:4 stepValueRequest:<stepText:"* \"//span[text()='\304\260stanbul']\" li elemente xpath ile t\304\261kla" > 
21-08-2020 14:57:15.425 [Gauge] [DEBUG] Sending API response: messageType:GetStepValueResponse messageId:4 stepValueResponse:<stepValue:<stepValue:"* {} li elemente xpath ile t\304\261kla" parameterizedStepValue:"* <//span[text()='\304\260stanbul']> li elemente xpath ile t\304\261kla" parameters:"//span[text()='\304\260stanbul']" > > 
21-08-2020 14:57:15.425 [Gauge] [DEBUG] Api Request Received: messageType:GetStepValueRequest messageId:4 stepValueRequest:<stepText:"* \"//span[text()='Al\304\261\305\237veri\305\237i Tamamla']\" li elemente xpath ile t\304\261kla" > 
21-08-2020 14:57:15.425 [Gauge] [DEBUG] Sending API response: messageType:GetStepValueResponse messageId:4 stepValueResponse:<stepValue:<stepValue:"* {} li elemente xpath ile t\304\261kla" parameterizedStepValue:"* <//span[text()='Al\304\261\305\237veri\305\237i Tamamla']> li elemente xpath ile t\304\261kla" parameters:"//span[text()='Al\304\261\305\237veri\305\237i Tamamla']" > > 
21-08-2020 14:57:36.790 [Gauge] [INFO] Spec file added / modified: C:\Users\TESTINIUM\IdeaProjects\BddGauge\specs\HepsiBuradaSenaryo.spec
21-08-2020 14:57:36.802 [Gauge] [INFO] Spec file added / modified: C:\Users\TESTINIUM\IdeaProjects\BddGauge\specs\HepsiBuradaSenaryo.spec
21-08-2020 14:57:38.522 [Gauge] [INFO] Spec file added / modified: C:\Users\TESTINIUM\IdeaProjects\BddGauge\specs\HepsiBuradaSenaryo.spec
21-08-2020 14:57:38.532 [Gauge] [INFO] Spec file added / modified: C:\Users\TESTINIUM\IdeaProjects\BddGauge\specs\HepsiBuradaSenaryo.spec
21-08-2020 14:57:45.750 [Gauge] [INFO] Spec file added / modified: C:\Users\TESTINIUM\IdeaProjects\BddGauge\specs\HepsiBuradaSenaryo.spec
21-08-2020 14:57:45.761 [Gauge] [INFO] Spec file added / modified: C:\Users\TESTINIUM\IdeaProjects\BddGauge\specs\HepsiBuradaSenaryo.spec
21-08-2020 14:57:48.016 [Gauge] [INFO] Spec file added / modified: C:\Users\TESTINIUM\IdeaProjects\BddGauge\specs\HepsiBuradaSenaryo.spec
21-08-2020 14:57:48.041 [Gauge] [INFO] Spec file added / modified: C:\Users\TESTINIUM\IdeaProjects\BddGauge\specs\HepsiBuradaSenaryo.spec
21-08-2020 14:57:52.188 [Gauge] [INFO] Spec file added / modified: C:\Users\TESTINIUM\IdeaProjects\BddGauge\specs\HepsiBuradaSenaryo.spec
21-08-2020 14:57:52.201 [Gauge] [INFO] Spec file added / modified: C:\Users\TESTINIUM\IdeaProjects\BddGauge\specs\HepsiBuradaSenaryo.spec
21-08-2020 14:57:53.667 [Gauge] [INFO] Spec file added / modified: C:\Users\TESTINIUM\IdeaProjects\BddGauge\specs\HepsiBuradaSenaryo.spec
21-08-2020 14:57:53.690 [Gauge] [INFO] Spec file added / modified: C:\Users\TESTINIUM\IdeaProjects\BddGauge\specs\HepsiBuradaSenaryo.spec
21-08-2020 14:58:08.545 [Gauge] [INFO] Concept file added / modified: C:\Users\TESTINIUM\IdeaProjects\BddGauge\specs\CrediCard.cpt
21-08-2020 14:58:08.561 [Gauge] [INFO] Concept file added / modified: C:\Users\TESTINIUM\IdeaProjects\BddGauge\specs\CrediCard.cpt
21-08-2020 14:58:08.567 [Gauge] [INFO] Concept file added / modified: C:\Users\TESTINIUM\IdeaProjects\BddGauge\specs\CrediCard.cpt
21-08-2020 14:58:16.192 [Gauge] [DEBUG] Api Request Received: messageType:GetStepValueRequest messageId:4 stepValueRequest:<stepText:" Kredi kart\304\261 bilgilerini doldurma i\305\237lemi" > 
21-08-2020 14:58:16.192 [Gauge] [DEBUG] Sending API response: messageType:GetStepValueResponse messageId:4 stepValueResponse:<stepValue:<stepValue:"Kredi kart\304\261 bilgilerini doldurma i\305\237lemi" parameterizedStepValue:"Kredi kart\304\261 bilgilerini doldurma i\305\237lemi" > > 
21-08-2020 14:58:16.883 [Gauge] [INFO] Concept file added / modified: C:\Users\TESTINIUM\IdeaProjects\BddGauge\specs\CrediCard.cpt
21-08-2020 14:58:16.910 [Gauge] [INFO] Concept file added / modified: C:\Users\TESTINIUM\IdeaProjects\BddGauge\specs\CrediCard.cpt
21-08-2020 14:58:25.392 [Gauge] [DEBUG] Api Request Received: messageType:GetStepValueRequest messageId:4 stepValueRequest:<stepText:"\"a[class='accordion-title paymentType-1']\" li elemente t\304\261kla" > 
21-08-2020 14:58:25.392 [Gauge] [DEBUG] Sending API response: messageType:GetStepValueResponse messageId:4 stepValueResponse:<stepValue:<stepValue:"{} li elemente t\304\261kla" parameterizedStepValue:"<a[class='accordion-title paymentType-1']> li elemente t\304\261kla" parameters:"a[class='accordion-title paymentType-1']" > > 
21-08-2020 14:58:25.394 [Gauge] [DEBUG] Api Request Received: messageType:GetStepValueRequest messageId:4 stepValueRequest:<stepText:"\"input[id='card-no']\" li elemente \"1234567812345678\" de\304\237erini yaz" > 
21-08-2020 14:58:25.395 [Gauge] [DEBUG] Sending API response: messageType:GetStepValueResponse messageId:4 stepValueResponse:<stepValue:<stepValue:"{} li elemente {} de\304\237erini yaz" parameterizedStepValue:"<input[id='card-no']> li elemente <1234567812345678> de\304\237erini yaz" parameters:"input[id='card-no']" parameters:"1234567812345678" > > 
21-08-2020 14:58:25.397 [Gauge] [DEBUG] Api Request Received: messageType:GetStepValueRequest messageId:4 stepValueRequest:<stepText:"\"input[id='holder-Name']\" li elemente \"Testinium QA\" de\304\237erini yaz" > 
21-08-2020 14:58:25.398 [Gauge] [DEBUG] Sending API response: messageType:GetStepValueResponse messageId:4 stepValueResponse:<stepValue:<stepValue:"{} li elemente {} de\304\237erini yaz" parameterizedStepValue:"<input[id='holder-Name']> li elemente <Testinium QA> de\304\237erini yaz" parameters:"input[id='holder-Name']" parameters:"Testinium QA" > > 
21-08-2020 14:58:25.399 [Gauge] [DEBUG] Api Request Received: messageType:GetStepValueRequest messageId:4 stepValueRequest:<stepText:"\"//span[text()='Ay']\" li elemente xpath ile t\304\261kla" > 
21-08-2020 14:58:25.399 [Gauge] [DEBUG] Sending API response: messageType:GetStepValueResponse messageId:4 stepValueResponse:<stepValue:<stepValue:"{} li elemente xpath ile t\304\261kla" parameterizedStepValue:"<//span[text()='Ay']> li elemente xpath ile t\304\261kla" parameters:"//span[text()='Ay']" > > 
21-08-2020 14:58:25.400 [Gauge] [DEBUG] Api Request Received: messageType:GetStepValueRequest messageId:4 stepValueRequest:<stepText:"\"//span[text()='01']\" li elemente xpath ile t\304\261kla" > 
21-08-2020 14:58:25.401 [Gauge] [DEBUG] Sending API response: messageType:GetStepValueResponse messageId:4 stepValueResponse:<stepValue:<stepValue:"{} li elemente xpath ile t\304\261kla" parameterizedStepValue:"<//span[text()='01']> li elemente xpath ile t\304\261kla" parameters:"//span[text()='01']" > > 
21-08-2020 14:58:25.403 [Gauge] [DEBUG] Api Request Received: messageType:GetStepValueRequest messageId:4 stepValueRequest:<stepText:"\"//span[text()='Y\304\261l']\" li elemente xpath ile t\304\261kla" > 
21-08-2020 14:58:25.403 [Gauge] [DEBUG] Sending API response: messageType:GetStepValueResponse messageId:4 stepValueResponse:<stepValue:<stepValue:"{} li elemente xpath ile t\304\261kla" parameterizedStepValue:"<//span[text()='Y\304\261l']> li elemente xpath ile t\304\261kla" parameters:"//span[text()='Y\304\261l']" > > 
21-08-2020 14:58:25.404 [Gauge] [DEBUG] Api Request Received: messageType:GetStepValueRequest messageId:4 stepValueRequest:<stepText:"\"//span[text()='2026']\" li elemente xpath ile t\304\261kla" > 
21-08-2020 14:58:25.404 [Gauge] [DEBUG] Sending API response: messageType:GetStepValueResponse messageId:4 stepValueResponse:<stepValue:<stepValue:"{} li elemente xpath ile t\304\261kla" parameterizedStepValue:"<//span[text()='2026']> li elemente xpath ile t\304\261kla" parameters:"//span[text()='2026']" > > 
21-08-2020 14:58:25.406 [Gauge] [DEBUG] Api Request Received: messageType:GetStepValueRequest messageId:4 stepValueRequest:<stepText:"\"input[id='cvc']\" li elemente \"123\" de\304\237erini yaz" > 
21-08-2020 14:58:25.406 [Gauge] [DEBUG] Sending API response: messageType:GetStepValueResponse messageId:4 stepValueResponse:<stepValue:<stepValue:"{} li elemente {} de\304\237erini yaz" parameterizedStepValue:"<input[id='cvc']> li elemente <123> de\304\237erini yaz" parameters:"input[id='cvc']" parameters:"123" > > 
21-08-2020 14:58:32.230 [Gauge] [INFO] Concept file added / modified: C:\Users\TESTINIUM\IdeaProjects\BddGauge\specs\CrediCard.cpt
21-08-2020 14:58:32.231 [Gauge] [INFO] Concept file added / modified: C:\Users\TESTINIUM\IdeaProjects\BddGauge\specs\CrediCard.cpt
21-08-2020 14:58:41.558 [Gauge] [INFO] Spec file added / modified: C:\Users\TESTINIUM\IdeaProjects\BddGauge\specs\HepsiBuradaSenaryo.spec
21-08-2020 14:58:41.569 [Gauge] [INFO] Spec file added / modified: C:\Users\TESTINIUM\IdeaProjects\BddGauge\specs\HepsiBuradaSenaryo.spec
21-08-2020 14:58:42.407 [Gauge] [DEBUG] Api Request Received: messageType:GetStepValueRequest messageId:4 stepValueRequest:<stepText:"\"//a[text()='Sil']\" li elemente xpath ile t\304\261kla" > 
21-08-2020 14:58:42.407 [Gauge] [DEBUG] Sending API response: messageType:GetStepValueResponse messageId:4 stepValueResponse:<stepValue:<stepValue:"{} li elemente xpath ile t\304\261kla" parameterizedStepValue:"<//a[text()='Sil']> li elemente xpath ile t\304\261kla" parameters:"//a[text()='Sil']" > > 
21-08-2020 14:58:43.320 [Gauge] [INFO] Spec file added / modified: C:\Users\TESTINIUM\IdeaProjects\BddGauge\specs\HepsiBuradaSenaryo.spec
21-08-2020 14:58:43.331 [Gauge] [INFO] Spec file added / modified: C:\Users\TESTINIUM\IdeaProjects\BddGauge\specs\HepsiBuradaSenaryo.spec
21-08-2020 14:58:46.823 [Gauge] [INFO] Spec file added / modified: C:\Users\TESTINIUM\IdeaProjects\BddGauge\specs\HepsiBuradaSenaryo.spec
21-08-2020 14:58:46.834 [Gauge] [INFO] Spec file added / modified: C:\Users\TESTINIUM\IdeaProjects\BddGauge\specs\HepsiBuradaSenaryo.spec
21-08-2020 14:58:58.755 [Gauge] [INFO] Concept file added / modified: C:\Users\TESTINIUM\IdeaProjects\BddGauge\specs\DeleteAddresses.cpt
21-08-2020 14:58:58.770 [Gauge] [INFO] Concept file added / modified: C:\Users\TESTINIUM\IdeaProjects\BddGauge\specs\DeleteAddresses.cpt
21-08-2020 14:58:58.774 [Gauge] [INFO] Concept file added / modified: C:\Users\TESTINIUM\IdeaProjects\BddGauge\specs\DeleteAddresses.cpt
21-08-2020 14:59:05.341 [Gauge] [DEBUG] Api Request Received: messageType:GetStepValueRequest messageId:4 stepValueRequest:<stepText:" Adres silme i\305\237lemi" > 
21-08-2020 14:59:05.341 [Gauge] [DEBUG] Sending API response: messageType:GetStepValueResponse messageId:4 stepValueResponse:<stepValue:<stepValue:"Adres silme i\305\237lemi" parameterizedStepValue:"Adres silme i\305\237lemi" > > 
21-08-2020 14:59:07.237 [Gauge] [INFO] Concept file added / modified: C:\Users\TESTINIUM\IdeaProjects\BddGauge\specs\DeleteAddresses.cpt
21-08-2020 14:59:07.238 [Gauge] [ERROR] Parse failure: [[ParseError] C:\Users\TESTINIUM\IdeaProjects\BddGauge\specs\DeleteAddresses.cpt:4 Concept should have atleast one step => 'Adres silme işlemi']
21-08-2020 14:59:07.238 [Gauge] [INFO] Concept file added / modified: C:\Users\TESTINIUM\IdeaProjects\BddGauge\specs\DeleteAddresses.cpt
21-08-2020 14:59:07.238 [Gauge] [ERROR] Parse failure: [[ParseError] C:\Users\TESTINIUM\IdeaProjects\BddGauge\specs\DeleteAddresses.cpt:4 Concept should have atleast one step => 'Adres silme işlemi']
21-08-2020 14:59:07.243 [Gauge] [INFO] Spec file added / modified: C:\Users\TESTINIUM\IdeaProjects\BddGauge\specs\HepsiBuradaSenaryo.spec
21-08-2020 14:59:07.251 [Gauge] [INFO] Spec file added / modified: C:\Users\TESTINIUM\IdeaProjects\BddGauge\specs\HepsiBuradaSenaryo.spec
21-08-2020 14:59:16.685 [Gauge] [DEBUG] Api Request Received: messageType:GetStepValueRequest messageId:4 stepValueRequest:<stepText:"\"span[class='cart-copy']\" li elementin \303\274zerine gel" > 
21-08-2020 14:59:16.687 [Gauge] [DEBUG] Sending API response: messageType:GetStepValueResponse messageId:4 stepValueResponse:<stepValue:<stepValue:"{} li elementin \303\274zerine gel" parameterizedStepValue:"<span[class='cart-copy']> li elementin \303\274zerine gel" parameters:"span[class='cart-copy']" > > 
21-08-2020 14:59:16.688 [Gauge] [DEBUG] Api Request Received: messageType:GetStepValueRequest messageId:4 stepValueRequest:<stepText:"\"div[class='usersProcess'] ul li\" li elementlerden \"1\". olan\304\261na t\304\261kla" > 
21-08-2020 14:59:16.689 [Gauge] [DEBUG] Sending API response: messageType:GetStepValueResponse messageId:4 stepValueResponse:<stepValue:<stepValue:"{} li elementlerden {}. olan\304\261na t\304\261kla" parameterizedStepValue:"<div[class='usersProcess'] ul li> li elementlerden <1>. olan\304\261na t\304\261kla" parameters:"div[class='usersProcess'] ul li" parameters:"1" > > 
21-08-2020 14:59:16.728 [Gauge] [DEBUG] Api Request Received: messageType:GetStepValueRequest messageId:4 stepValueRequest:<stepText:"\"//div[text()='Adreslerim']\" li elemente xpath ile t\304\261kla" > 
21-08-2020 14:59:16.729 [Gauge] [DEBUG] Sending API response: messageType:GetStepValueResponse messageId:4 stepValueResponse:<stepValue:<stepValue:"{} li elemente xpath ile t\304\261kla" parameterizedStepValue:"<//div[text()='Adreslerim']> li elemente xpath ile t\304\261kla" parameters:"//div[text()='Adreslerim']" > > 
21-08-2020 14:59:16.730 [Gauge] [DEBUG] Api Request Received: messageType:GetStepValueRequest messageId:4 stepValueRequest:<stepText:"\"a[class='btn-delete btn-text']\" li elemente t\304\261kla" > 
21-08-2020 14:59:16.730 [Gauge] [DEBUG] Sending API response: messageType:GetStepValueResponse messageId:4 stepValueResponse:<stepValue:<stepValue:"{} li elemente t\304\261kla" parameterizedStepValue:"<a[class='btn-delete btn-text']> li elemente t\304\261kla" parameters:"a[class='btn-delete btn-text']" > > 
21-08-2020 14:59:16.730 [Gauge] [DEBUG] Api Request Received: messageType:GetStepValueRequest messageId:4 stepValueRequest:<stepText:"\"a[class='btn btn-md']\" li elemente t\304\261kla" > 
21-08-2020 14:59:16.730 [Gauge] [DEBUG] Sending API response: messageType:GetStepValueResponse messageId:4 stepValueResponse:<stepValue:<stepValue:"{} li elemente t\304\261kla" parameterizedStepValue:"<a[class='btn btn-md']> li elemente t\304\261kla" parameters:"a[class='btn btn-md']" > > 
21-08-2020 14:59:24.143 [Gauge] [DEBUG] Api Request Received: messageType:GetStepValueRequest messageId:4 stepValueRequest:<stepText:"* \"//span[text()='01']\" li elemente xpath ile t\304\261kla" > 
21-08-2020 14:59:24.145 [Gauge] [DEBUG] Sending API response: messageType:GetStepValueResponse messageId:4 stepValueResponse:<stepValue:<stepValue:"* {} li elemente xpath ile t\304\261kla" parameterizedStepValue:"* <//span[text()='01']> li elemente xpath ile t\304\261kla" parameters:"//span[text()='01']" > > 
21-08-2020 14:59:24.146 [Gauge] [DEBUG] Api Request Received: messageType:GetStepValueRequest messageId:4 stepValueRequest:<stepText:"* \"a[class='accordion-title paymentType-1']\" li elemente t\304\261kla" > 
21-08-2020 14:59:24.146 [Gauge] [DEBUG] Sending API response: messageType:GetStepValueResponse messageId:4 stepValueResponse:<stepValue:<stepValue:"* {} li elemente t\304\261kla" parameterizedStepValue:"* <a[class='accordion-title paymentType-1']> li elemente t\304\261kla" parameters:"a[class='accordion-title paymentType-1']" > > 
21-08-2020 14:59:24.146 [Gauge] [DEBUG] Api Request Received: messageType:GetStepValueRequest messageId:4 stepValueRequest:<stepText:"* \"input[id='card-no']\" li elemente \"1234567812345678\" de\304\237erini yaz" > 
21-08-2020 14:59:24.146 [Gauge] [DEBUG] Sending API response: messageType:GetStepValueResponse messageId:4 stepValueResponse:<stepValue:<stepValue:"* {} li elemente {} de\304\237erini yaz" parameterizedStepValue:"* <input[id='card-no']> li elemente <1234567812345678> de\304\237erini yaz" parameters:"input[id='card-no']" parameters:"1234567812345678" > > 
21-08-2020 14:59:24.147 [Gauge] [DEBUG] Api Request Received: messageType:GetStepValueRequest messageId:4 stepValueRequest:<stepText:"* \"input[id='cvc']\" li elemente \"123\" de\304\237erini yaz" > 
21-08-2020 14:59:24.147 [Gauge] [DEBUG] Sending API response: messageType:GetStepValueResponse messageId:4 stepValueResponse:<stepValue:<stepValue:"* {} li elemente {} de\304\237erini yaz" parameterizedStepValue:"* <input[id='cvc']> li elemente <123> de\304\237erini yaz" parameters:"input[id='cvc']" parameters:"123" > > 
21-08-2020 14:59:24.147 [Gauge] [DEBUG] Api Request Received: messageType:GetStepValueRequest messageId:4 stepValueRequest:<stepText:"* \"//span[text()='Y\304\261l']\" li elemente xpath ile t\304\261kla" > 
21-08-2020 14:59:24.147 [Gauge] [DEBUG] Sending API response: messageType:GetStepValueResponse messageId:4 stepValueResponse:<stepValue:<stepValue:"* {} li elemente xpath ile t\304\261kla" parameterizedStepValue:"* <//span[text()='Y\304\261l']> li elemente xpath ile t\304\261kla" parameters:"//span[text()='Y\304\261l']" > > 
21-08-2020 14:59:24.147 [Gauge] [DEBUG] Api Request Received: messageType:GetStepValueRequest messageId:4 stepValueRequest:<stepText:"* \"input[id='holder-Name']\" li elemente \"Testinium QA\" de\304\237erini yaz" > 
21-08-2020 14:59:24.147 [Gauge] [DEBUG] Sending API response: messageType:GetStepValueResponse messageId:4 stepValueResponse:<stepValue:<stepValue:"* {} li elemente {} de\304\237erini yaz" parameterizedStepValue:"* <input[id='holder-Name']> li elemente <Testinium QA> de\304\237erini yaz" parameters:"input[id='holder-Name']" parameters:"Testinium QA" > > 
21-08-2020 14:59:24.147 [Gauge] [DEBUG] Api Request Received: messageType:GetStepValueRequest messageId:4 stepValueRequest:<stepText:"* \"//span[text()='Ay']\" li elemente xpath ile t\304\261kla" > 
21-08-2020 14:59:24.147 [Gauge] [DEBUG] Sending API response: messageType:GetStepValueResponse messageId:4 stepValueResponse:<stepValue:<stepValue:"* {} li elemente xpath ile t\304\261kla" parameterizedStepValue:"* <//span[text()='Ay']> li elemente xpath ile t\304\261kla" parameters:"//span[text()='Ay']" > > 
21-08-2020 14:59:24.147 [Gauge] [DEBUG] Api Request Received: messageType:GetStepValueRequest messageId:4 stepValueRequest:<stepText:"* \"//span[text()='2026']\" li elemente xpath ile t\304\261kla" > 
21-08-2020 14:59:24.147 [Gauge] [DEBUG] Sending API response: messageType:GetStepValueResponse messageId:4 stepValueResponse:<stepValue:<stepValue:"* {} li elemente xpath ile t\304\261kla" parameterizedStepValue:"* <//span[text()='2026']> li elemente xpath ile t\304\261kla" parameters:"//span[text()='2026']" > > 
21-08-2020 14:59:25.353 [Gauge] [INFO] Concept file added / modified: C:\Users\TESTINIUM\IdeaProjects\BddGauge\specs\DeleteAddresses.cpt
21-08-2020 14:59:25.361 [Gauge] [INFO] Concept file added / modified: C:\Users\TESTINIUM\IdeaProjects\BddGauge\specs\DeleteAddresses.cpt
21-08-2020 14:59:40.901 [Gauge] [DEBUG] Api Request Received: messageType:GetStepValueRequest messageId:4 stepValueRequest:<stepText:"<key> li elementlerden <number>. olan\304\261na t\304\261kla" > 
21-08-2020 14:59:40.902 [Gauge] [DEBUG] Sending API response: messageType:GetStepValueResponse messageId:4 stepValueResponse:<stepValue:<stepValue:"{} li elementlerden {}. olan\304\261na t\304\261kla" parameterizedStepValue:"<key> li elementlerden <number>. olan\304\261na t\304\261kla" parameters:"key" parameters:"number" > > 
21-08-2020 14:59:41.018 [Gauge] [DEBUG] Api Request Received: messageType:GetStepValueRequest messageId:4 stepValueRequest:<stepText:"* \"div[class='usersProcess'] ul li\" li elementlerden \"1\". olan\304\261na t\304\261kla" > 
21-08-2020 14:59:41.019 [Gauge] [DEBUG] Sending API response: messageType:GetStepValueResponse messageId:4 stepValueResponse:<stepValue:<stepValue:"* {} li elementlerden {}. olan\304\261na t\304\261kla" parameterizedStepValue:"* <div[class='usersProcess'] ul li> li elementlerden <1>. olan\304\261na t\304\261kla" parameters:"div[class='usersProcess'] ul li" parameters:"1" > > 
21-08-2020 14:59:41.019 [Gauge] [DEBUG] Api Request Received: messageType:GetStepValueRequest messageId:4 stepValueRequest:<stepText:"* \"a[class='btn-delete btn-text']\" li elemente t\304\261kla" > 
21-08-2020 14:59:41.019 [Gauge] [DEBUG] Sending API response: messageType:GetStepValueResponse messageId:4 stepValueResponse:<stepValue:<stepValue:"* {} li elemente t\304\261kla" parameterizedStepValue:"* <a[class='btn-delete btn-text']> li elemente t\304\261kla" parameters:"a[class='btn-delete btn-text']" > > 
21-08-2020 14:59:41.019 [Gauge] [DEBUG] Api Request Received: messageType:GetStepValueRequest messageId:4 stepValueRequest:<stepText:"* \"//div[text()='Adreslerim']\" li elemente xpath ile t\304\261kla" > 
21-08-2020 14:59:41.019 [Gauge] [DEBUG] Sending API response: messageType:GetStepValueResponse messageId:4 stepValueResponse:<stepValue:<stepValue:"* {} li elemente xpath ile t\304\261kla" parameterizedStepValue:"* <//div[text()='Adreslerim']> li elemente xpath ile t\304\261kla" parameters:"//div[text()='Adreslerim']" > > 
21-08-2020 14:59:41.019 [Gauge] [DEBUG] Api Request Received: messageType:GetStepValueRequest messageId:4 stepValueRequest:<stepText:"* \"span[class='cart-copy']\" li elementin \303\274zerine gel" > 
21-08-2020 14:59:41.019 [Gauge] [DEBUG] Sending API response: messageType:GetStepValueResponse messageId:4 stepValueResponse:<stepValue:<stepValue:"* {} li elementin \303\274zerine gel" parameterizedStepValue:"* <span[class='cart-copy']> li elementin \303\274zerine gel" parameters:"span[class='cart-copy']" > > 
21-08-2020 14:59:41.019 [Gauge] [DEBUG] Api Request Received: messageType:GetStepValueRequest messageId:4 stepValueRequest:<stepText:"* \"a[class='btn btn-md']\" li elemente t\304\261kla" > 
21-08-2020 14:59:41.019 [Gauge] [DEBUG] Sending API response: messageType:GetStepValueResponse messageId:4 stepValueResponse:<stepValue:<stepValue:"* {} li elemente t\304\261kla" parameterizedStepValue:"* <a[class='btn btn-md']> li elemente t\304\261kla" parameters:"a[class='btn btn-md']" > > 
21-08-2020 15:01:11.178 [Gauge] [INFO] Concept file added / modified: C:\Users\TESTINIUM\IdeaProjects\BddGauge\specs\SelectCategory.cpt
21-08-2020 15:01:11.194 [Gauge] [INFO] Concept file added / modified: C:\Users\TESTINIUM\IdeaProjects\BddGauge\specs\SelectCategory.cpt
21-08-2020 15:01:11.198 [Gauge] [INFO] Concept file added / modified: C:\Users\TESTINIUM\IdeaProjects\BddGauge\specs\SelectCategory.cpt
21-08-2020 15:01:18.432 [Gauge] [DEBUG] Api Request Received: messageType:GetStepValueRequest messageId:4 stepValueRequest:<stepText:" Kategori se\303\247me i\305\237lemleri" > 
21-08-2020 15:01:18.436 [Gauge] [DEBUG] Sending API response: messageType:GetStepValueResponse messageId:4 stepValueResponse:<stepValue:<stepValue:"Kategori se\303\247me i\305\237lemleri" parameterizedStepValue:"Kategori se\303\247me i\305\237lemleri" > > 
21-08-2020 15:01:19.153 [Gauge] [INFO] Concept file added / modified: C:\Users\TESTINIUM\IdeaProjects\BddGauge\specs\SelectCategory.cpt
21-08-2020 15:01:19.174 [Gauge] [INFO] Concept file added / modified: C:\Users\TESTINIUM\IdeaProjects\BddGauge\specs\SelectCategory.cpt
21-08-2020 15:01:25.390 [Gauge] [DEBUG] Api Request Received: messageType:GetStepValueRequest messageId:4 stepValueRequest:<stepText:"\"li[class='MenuItems-1-U3X']\" li elementlerin rastgele birinin \303\274st\303\274ne gel" > 
21-08-2020 15:01:25.391 [Gauge] [DEBUG] Sending API response: messageType:GetStepValueResponse messageId:4 stepValueResponse:<stepValue:<stepValue:"{} li elementlerin rastgele birinin \303\274st\303\274ne gel" parameterizedStepValue:"<li[class='MenuItems-1-U3X']> li elementlerin rastgele birinin \303\274st\303\274ne gel" parameters:"li[class='MenuItems-1-U3X']" > > 
21-08-2020 15:01:25.438 [Gauge] [DEBUG] Api Request Received: messageType:GetStepValueRequest messageId:4 stepValueRequest:<stepText:"Sayfadaki div de\304\237i\305\237ikli\304\237i kontrol et sonuca g\303\266re element se\303\247" > 
21-08-2020 15:01:25.438 [Gauge] [DEBUG] Sending API response: messageType:GetStepValueResponse messageId:4 stepValueResponse:<stepValue:<stepValue:"Sayfadaki div de\304\237i\305\237ikli\304\237i kontrol et sonuca g\303\266re element se\303\247" parameterizedStepValue:"Sayfadaki div de\304\237i\305\237ikli\304\237i kontrol et sonuca g\303\266re element se\303\247" > > 
21-08-2020 15:01:25.473 [Gauge] [DEBUG] Api Request Received: messageType:GetStepValueRequest messageId:4 stepValueRequest:<stepText:"\"ol[class='show-all-brands scrollable-filter-container scroll-lock'] li\" li elementlerden birine rastgele t\304\261kla" > 
21-08-2020 15:01:25.473 [Gauge] [DEBUG] Sending API response: messageType:GetStepValueResponse messageId:4 stepValueResponse:<stepValue:<stepValue:"{} li elementlerden birine rastgele t\304\261kla" parameterizedStepValue:"<ol[class='show-all-brands scrollable-filter-container scroll-lock'] li> li elementlerden birine rastgele t\304\261kla" parameters:"ol[class='show-all-brands scrollable-filter-container scroll-lock'] li" > > 
21-08-2020 15:01:25.521 [Gauge] [DEBUG] Api Request Received: messageType:GetStepValueRequest messageId:4 stepValueRequest:<stepText:"\"input[placeholder='En az']\" li elemente \"10\" de\304\237erini yaz" > 
21-08-2020 15:01:25.521 [Gauge] [DEBUG] Sending API response: messageType:GetStepValueResponse messageId:4 stepValueResponse:<stepValue:<stepValue:"{} li elemente {} de\304\237erini yaz" parameterizedStepValue:"<input[placeholder='En az']> li elemente <10> de\304\237erini yaz" parameters:"input[placeholder='En az']" parameters:"10" > > 
21-08-2020 15:01:25.523 [Gauge] [DEBUG] Api Request Received: messageType:GetStepValueRequest messageId:4 stepValueRequest:<stepText:"\"input[placeholder='En \303\247ok']\" li elemente \"4000\" de\304\237erini yaz" > 
21-08-2020 15:01:25.524 [Gauge] [DEBUG] Sending API response: messageType:GetStepValueResponse messageId:4 stepValueResponse:<stepValue:<stepValue:"{} li elemente {} de\304\237erini yaz" parameterizedStepValue:"<input[placeholder='En \303\247ok']> li elemente <4000> de\304\237erini yaz" parameters:"input[placeholder='En \303\247ok']" parameters:"4000" > > 
21-08-2020 15:01:25.524 [Gauge] [DEBUG] Api Request Received: messageType:GetStepValueRequest messageId:4 stepValueRequest:<stepText:"\"div[class='range-contain-row right']\" li elemente t\304\261kla" > 
21-08-2020 15:01:25.524 [Gauge] [DEBUG] Sending API response: messageType:GetStepValueResponse messageId:4 stepValueResponse:<stepValue:<stepValue:"{} li elemente t\304\261kla" parameterizedStepValue:"<div[class='range-contain-row right']> li elemente t\304\261kla" parameters:"div[class='range-contain-row right']" > > 
21-08-2020 15:01:28.667 [Gauge] [INFO] Concept file added / modified: C:\Users\TESTINIUM\IdeaProjects\BddGauge\specs\SelectCategory.cpt
21-08-2020 15:01:28.677 [Gauge] [INFO] Concept file added / modified: C:\Users\TESTINIUM\IdeaProjects\BddGauge\specs\SelectCategory.cpt
21-08-2020 15:01:58.820 [Gauge] [DEBUG] Api Request Received: messageType:GetStepValueRequest messageId:4 stepValueRequest:<stepText:"* \"li[class='MenuItems-1-U3X']\" li elementlerin rastgele birinin \303\274st\303\274ne gel" > 
21-08-2020 15:01:58.820 [Gauge] [DEBUG] Sending API response: messageType:GetStepValueResponse messageId:4 stepValueResponse:<stepValue:<stepValue:"* {} li elementlerin rastgele birinin \303\274st\303\274ne gel" parameterizedStepValue:"* <li[class='MenuItems-1-U3X']> li elementlerin rastgele birinin \303\274st\303\274ne gel" parameters:"li[class='MenuItems-1-U3X']" > > 
21-08-2020 15:01:58.822 [Gauge] [DEBUG] Api Request Received: messageType:GetStepValueRequest messageId:4 stepValueRequest:<stepText:"* \"ol[class='show-all-brands scrollable-filter-container scroll-lock'] li\" li elementlerden birine rastgele t\304\261kla" > 
21-08-2020 15:01:58.822 [Gauge] [DEBUG] Sending API response: messageType:GetStepValueResponse messageId:4 stepValueResponse:<stepValue:<stepValue:"* {} li elementlerden birine rastgele t\304\261kla" parameterizedStepValue:"* <ol[class='show-all-brands scrollable-filter-container scroll-lock'] li> li elementlerden birine rastgele t\304\261kla" parameters:"ol[class='show-all-brands scrollable-filter-container scroll-lock'] li" > > 
21-08-2020 15:01:58.822 [Gauge] [DEBUG] Api Request Received: messageType:GetStepValueRequest messageId:4 stepValueRequest:<stepText:"* \"input[placeholder='En \303\247ok']\" li elemente \"4000\" de\304\237erini yaz" > 
21-08-2020 15:01:58.822 [Gauge] [DEBUG] Sending API response: messageType:GetStepValueResponse messageId:4 stepValueResponse:<stepValue:<stepValue:"* {} li elemente {} de\304\237erini yaz" parameterizedStepValue:"* <input[placeholder='En \303\247ok']> li elemente <4000> de\304\237erini yaz" parameters:"input[placeholder='En \303\247ok']" parameters:"4000" > > 
21-08-2020 15:01:58.822 [Gauge] [DEBUG] Api Request Received: messageType:GetStepValueRequest messageId:4 stepValueRequest:<stepText:"* \"div[class='range-contain-row right']\" li elemente t\304\261kla" > 
21-08-2020 15:01:58.822 [Gauge] [DEBUG] Sending API response: messageType:GetStepValueResponse messageId:4 stepValueResponse:<stepValue:<stepValue:"* {} li elemente t\304\261kla" parameterizedStepValue:"* <div[class='range-contain-row right']> li elemente t\304\261kla" parameters:"div[class='range-contain-row right']" > > 
21-08-2020 15:01:58.823 [Gauge] [DEBUG] Api Request Received: messageType:GetStepValueRequest messageId:4 stepValueRequest:<stepText:"* \"input[placeholder='En az']\" li elemente \"10\" de\304\237erini yaz" > 
21-08-2020 15:01:58.823 [Gauge] [DEBUG] Sending API response: messageType:GetStepValueResponse messageId:4 stepValueResponse:<stepValue:<stepValue:"* {} li elemente {} de\304\237erini yaz" parameterizedStepValue:"* <input[placeholder='En az']> li elemente <10> de\304\237erini yaz" parameters:"input[placeholder='En az']" parameters:"10" > > 
21-08-2020 15:01:58.823 [Gauge] [DEBUG] Api Request Received: messageType:GetStepValueRequest messageId:4 stepValueRequest:<stepText:"* Sayfadaki div de\304\237i\305\237ikli\304\237i kontrol et sonuca g\303\266re element se\303\247" > 
21-08-2020 15:01:58.823 [Gauge] [DEBUG] Sending API response: messageType:GetStepValueResponse messageId:4 stepValueResponse:<stepValue:<stepValue:"* Sayfadaki div de\304\237i\305\237ikli\304\237i kontrol et sonuca g\303\266re element se\303\247" parameterizedStepValue:"* Sayfadaki div de\304\237i\305\237ikli\304\237i kontrol et sonuca g\303\266re element se\303\247" > > 
21-08-2020 15:02:00.222 [Gauge] [DEBUG] Api Request Received: messageType:GetStepValueRequest messageId:4 stepValueRequest:<stepText:"<key> li elementlerin rastgele birinin \303\274st\303\274ne gel" > 
21-08-2020 15:02:00.226 [Gauge] [DEBUG] Sending API response: messageType:GetStepValueResponse messageId:4 stepValueResponse:<stepValue:<stepValue:"{} li elementlerin rastgele birinin \303\274st\303\274ne gel" parameterizedStepValue:"<key> li elementlerin rastgele birinin \303\274st\303\274ne gel" parameters:"key" > > 
21-08-2020 15:02:49.854 [Gauge] [DEBUG] Api Request Received: messageType:GetStepValueRequest messageId:4 stepValueRequest:<stepText:"<key> li elementlerden birine rastgele t\304\261kla" > 
21-08-2020 15:02:49.855 [Gauge] [DEBUG] Sending API response: messageType:GetStepValueResponse messageId:4 stepValueResponse:<stepValue:<stepValue:"{} li elementlerden birine rastgele t\304\261kla" parameterizedStepValue:"<key> li elementlerden birine rastgele t\304\261kla" parameters:"key" > > 
21-08-2020 15:03:59.095 [Gauge] [INFO] Concept file added / modified: C:\Users\TESTINIUM\IdeaProjects\BddGauge\specs\SelectCategory.cpt
21-08-2020 15:03:59.105 [Gauge] [INFO] Concept file added / modified: C:\Users\TESTINIUM\IdeaProjects\BddGauge\specs\SelectCategory.cpt
21-08-2020 15:04:01.746 [Gauge] [INFO] Concept file added / modified: C:\Users\TESTINIUM\IdeaProjects\BddGauge\specs\SelectCategory.cpt
21-08-2020 15:04:01.755 [Gauge] [ERROR] Parse failure: [[ParseError] C:\Users\TESTINIUM\IdeaProjects\BddGauge\specs\SelectCategory.cpt:1 Concept should have atleast one step => 'Specification Heading']
21-08-2020 15:04:01.755 [Gauge] [INFO] Concept file added / modified: C:\Users\TESTINIUM\IdeaProjects\BddGauge\specs\SelectCategory.cpt
21-08-2020 15:04:01.755 [Gauge] [ERROR] Parse failure: [[ParseError] C:\Users\TESTINIUM\IdeaProjects\BddGauge\specs\SelectCategory.cpt:1 Concept should have atleast one step => 'Specification Heading']
21-08-2020 16:06:26.981 [Gauge] [INFO] Concept file added / modified: C:\Users\TESTINIUM\IdeaProjects\BddGauge\specs\SelectCategory.cpt
21-08-2020 16:06:26.982 [Gauge] [ERROR] Parse failure: [[ParseError] C:\Users\TESTINIUM\IdeaProjects\BddGauge\specs\SelectCategory.cpt:1 Concept should have atleast one step => 'Hepsi Burada Specification']
21-08-2020 16:06:26.982 [Gauge] [INFO] Concept file added / modified: C:\Users\TESTINIUM\IdeaProjects\BddGauge\specs\SelectCategory.cpt
21-08-2020 16:06:26.983 [Gauge] [ERROR] Parse failure: [[ParseError] C:\Users\TESTINIUM\IdeaProjects\BddGauge\specs\SelectCategory.cpt:1 Concept should have atleast one step => 'Hepsi Burada Specification']
21-08-2020 16:07:11.304 [Gauge] [INFO] Concept file added / modified: C:\Users\TESTINIUM\IdeaProjects\BddGauge\specs\SelectCategory.cpt
21-08-2020 16:07:11.318 [Gauge] [INFO] Concept file added / modified: C:\Users\TESTINIUM\IdeaProjects\BddGauge\specs\SelectCategory.cpt
21-08-2020 16:08:26.910 [Gauge] [INFO] Concept file added / modified: C:\Users\TESTINIUM\IdeaProjects\BddGauge\specs\SelectCategory.cpt
21-08-2020 16:08:26.932 [Gauge] [ERROR] Parse failure: [[ParseError] C:\Users\TESTINIUM\IdeaProjects\BddGauge\specs\SelectCategory.cpt:1 Concept should have atleast one step => 'Hepsi Burada Specification']
21-08-2020 16:08:26.932 [Gauge] [INFO] Concept file added / modified: C:\Users\TESTINIUM\IdeaProjects\BddGauge\specs\SelectCategory.cpt
21-08-2020 16:08:26.934 [Gauge] [ERROR] Parse failure: [[ParseError] C:\Users\TESTINIUM\IdeaProjects\BddGauge\specs\SelectCategory.cpt:1 Concept should have atleast one step => 'Hepsi Burada Specification']
21-08-2020 16:10:10.146 [Gauge] [INFO] Spec file added / modified: C:\Users\TESTINIUM\IdeaProjects\BddGauge\specs\HepsiBuradaSenaryo.spec
21-08-2020 16:10:10.159 [Gauge] [INFO] Spec file added / modified: C:\Users\TESTINIUM\IdeaProjects\BddGauge\specs\HepsiBuradaSenaryo.spec
21-08-2020 16:10:13.370 [Gauge] [DEBUG] Api Request Received: messageType:GetStepValueRequest messageId:4 stepValueRequest:<stepText:"Kategori se\303\247me i\305\237lemleri" > 
21-08-2020 16:10:13.371 [Gauge] [DEBUG] Sending API response: messageType:GetStepValueResponse messageId:4 stepValueResponse:<stepValue:<stepValue:"Kategori se\303\247me i\305\237lemleri" parameterizedStepValue:"Kategori se\303\247me i\305\237lemleri" > > 
21-08-2020 16:10:17.079 [Gauge] [INFO] Concept file added / modified: C:\Users\TESTINIUM\IdeaProjects\BddGauge\specs\SelectCategory.cpt
21-08-2020 16:10:17.092 [Gauge] [INFO] Concept file added / modified: C:\Users\TESTINIUM\IdeaProjects\BddGauge\specs\SelectCategory.cpt
21-08-2020 16:10:17.094 [Gauge] [INFO] Spec file added / modified: C:\Users\TESTINIUM\IdeaProjects\BddGauge\specs\HepsiBuradaSenaryo.spec
21-08-2020 16:10:17.105 [Gauge] [INFO] Spec file added / modified: C:\Users\TESTINIUM\IdeaProjects\BddGauge\specs\HepsiBuradaSenaryo.spec
21-08-2020 16:10:28.591 [Gauge] [INFO] Concept file added / modified: C:\Users\TESTINIUM\IdeaProjects\BddGauge\specs\SelectCategory.cpt
21-08-2020 16:10:28.592 [Gauge] [INFO] Concept file added / modified: C:\Users\TESTINIUM\IdeaProjects\BddGauge\specs\SelectCategory.cpt
21-08-2020 16:10:34.762 [Gauge] [INFO] Concept file added / modified: C:\Users\TESTINIUM\IdeaProjects\BddGauge\specs\Product.cpt
21-08-2020 16:10:34.773 [Gauge] [INFO] Concept file added / modified: C:\Users\TESTINIUM\IdeaProjects\BddGauge\specs\Product.cpt
21-08-2020 16:10:46.845 [Gauge] [INFO] Concept file added / modified: C:\Users\TESTINIUM\IdeaProjects\BddGauge\specs\DeleteAddresses.cpt
21-08-2020 16:10:46.854 [Gauge] [INFO] Concept file added / modified: C:\Users\TESTINIUM\IdeaProjects\BddGauge\specs\DeleteAddresses.cpt
21-08-2020 16:11:48.851 [Gauge] [INFO] Concept file added / modified: C:\Users\TESTINIUM\IdeaProjects\BddGauge\specs\AddAddresses.cpt
21-08-2020 16:11:48.867 [Gauge] [INFO] Concept file added / modified: C:\Users\TESTINIUM\IdeaProjects\BddGauge\specs\AddAddresses.cpt
21-08-2020 16:11:48.867 [Gauge] [INFO] Concept file added / modified: C:\Users\TESTINIUM\IdeaProjects\BddGauge\specs\CrediCard.cpt
21-08-2020 16:11:48.877 [Gauge] [INFO] Concept file added / modified: C:\Users\TESTINIUM\IdeaProjects\BddGauge\specs\CrediCard.cpt
21-08-2020 16:11:48.879 [Gauge] [INFO] Concept file added / modified: C:\Users\TESTINIUM\IdeaProjects\BddGauge\specs\Basket.cpt
21-08-2020 16:11:48.890 [Gauge] [INFO] Concept file added / modified: C:\Users\TESTINIUM\IdeaProjects\BddGauge\specs\Basket.cpt
